-------------------------------------------------------------------------------
Test set: example.NetworkUtilsTest
-------------------------------------------------------------------------------
Tests run: 31, Failures: 15, Errors: 1, Skipped: 0, Time elapsed: 19.85 s <<< FAILURE! -- in example.NetworkUtilsTest
example.NetworkUtilsTest.testEmptyIp -- Time elapsed: 0.705 s <<< FAILURE!
java.lang.AssertionError: 

Expecting code to raise a throwable.
	at example.NetworkUtilsTest.testEmptyIp(NetworkUtilsTest.java:118)
	Suppressed: org.neo4j.driver.exceptions.ClientException: Failed to invoke function `example.ipBelongsToNetwork`: Caused by: java.lang.RuntimeException: Invalid IP or network format: IP and network must not be null or empty.
		at org.neo4j.driver.internal.util.Futures.blockingGet(Futures.java:63)
		at org.neo4j.driver.internal.InternalSession.lambda$close$3(InternalSession.java:90)
		at org.neo4j.driver.internal.observation.util.ObservationUtil.observe(ObservationUtil.java:40)
		at org.neo4j.driver.internal.InternalSession.close(InternalSession.java:88)
		at example.NetworkUtilsTest.closeSession(NetworkUtilsTest.java:49)
		Suppressed: org.neo4j.driver.internal.util.ErrorUtil$InternalExceptionCause
			at org.neo4j.driver.internal.adaptedbolt.ErrorMapper.mapToNeo4jException(ErrorMapper.java:224)
			at org.neo4j.driver.internal.adaptedbolt.ErrorMapper.mapBoltFailureException(ErrorMapper.java:141)
			at org.neo4j.driver.internal.adaptedbolt.ErrorMapper.map(ErrorMapper.java:81)
			at org.neo4j.driver.internal.adaptedbolt.AdaptingDriverResponseHandler.onError(AdaptingDriverResponseHandler.java:68)
			at org.neo4j.bolt.connection.pooled.impl.PooledBoltConnection$PooledResponseHandler.onError(PooledBoltConnection.java:204)
			at org.neo4j.bolt.connection.netty.impl.BoltConnectionImpl$ResponseHandleImpl.lambda$onError$1(BoltConnectionImpl.java:676)
			at org.neo4j.bolt.connection.netty.impl.BoltConnectionImpl$ResponseHandleImpl.runIgnoringError(BoltConnectionImpl.java:808)
			at org.neo4j.bolt.connection.netty.impl.BoltConnectionImpl$ResponseHandleImpl.onError(BoltConnectionImpl.java:676)
			at org.neo4j.bolt.connection.netty.impl.BoltConnectionImpl$5.onError(BoltConnectionImpl.java:364)
			at org.neo4j.bolt.connection.netty.impl.messaging.v4.BoltProtocolV4$2.onError(BoltProtocolV4.java:205)
			at org.neo4j.bolt.connection.netty.impl.handlers.PullResponseHandlerImpl.onFailure(PullResponseHandlerImpl.java:46)
			at org.neo4j.bolt.connection.netty.impl.async.inbound.InboundMessageDispatcher.handleFailureMessage(InboundMessageDispatcher.java:108)
			at org.neo4j.bolt.connection.netty.impl.messaging.v57.MessageReaderV57.unpackFailureMessage(MessageReaderV57.java:46)
			at org.neo4j.bolt.connection.netty.impl.messaging.common.CommonMessageReader.read(CommonMessageReader.java:53)
			at org.neo4j.bolt.connection.netty.impl.async.inbound.InboundMessageHandler.channelRead0(InboundMessageHandler.java:81)
			at org.neo4j.bolt.connection.netty.impl.async.inbound.InboundMessageHandler.channelRead0(InboundMessageHandler.java:34)
			at io.netty.channel.SimpleChannelInboundHandler.channelRead(SimpleChannelInboundHandler.java:99)
			at io.netty.channel.AbstractChannelHandlerContext.fireChannelRead(AbstractChannelHandlerContext.java:356)
			at io.netty.handler.codec.ByteToMessageDecoder.fireChannelRead(ByteToMessageDecoder.java:346)
			at io.netty.handler.codec.ByteToMessageDecoder.channelRead(ByteToMessageDecoder.java:318)
			at org.neo4j.bolt.connection.netty.impl.async.inbound.MessageDecoder.channelRead(MessageDecoder.java:40)
			at io.netty.channel.AbstractChannelHandlerContext.fireChannelRead(AbstractChannelHandlerContext.java:356)
			at io.netty.handler.codec.ByteToMessageDecoder.fireChannelRead(ByteToMessageDecoder.java:346)
			at io.netty.handler.codec.ByteToMessageDecoder.channelRead(ByteToMessageDecoder.java:318)
			at io.netty.channel.AbstractChannelHandlerContext.fireChannelRead(AbstractChannelHandlerContext.java:356)
			at io.netty.handler.timeout.IdleStateHandler.channelRead(IdleStateHandler.java:293)
			at io.netty.channel.AbstractChannelHandlerContext.fireChannelRead(AbstractChannelHandlerContext.java:354)
			at io.netty.channel.DefaultChannelPipeline$HeadContext.channelRead(DefaultChannelPipeline.java:1429)
			at io.netty.channel.DefaultChannelPipeline.fireChannelRead(DefaultChannelPipeline.java:918)
			at io.netty.channel.nio.AbstractNioByteChannel$NioByteUnsafe.read(AbstractNioByteChannel.java:167)
			at io.netty.channel.nio.AbstractNioChannel$AbstractNioUnsafe.handle(AbstractNioChannel.java:445)
			at io.netty.channel.nio.NioIoHandler$DefaultNioRegistration.handle(NioIoHandler.java:381)
			at io.netty.channel.nio.NioIoHandler.processSelectedKey(NioIoHandler.java:587)
			at io.netty.channel.nio.NioIoHandler.processSelectedKeysOptimized(NioIoHandler.java:562)
			at io.netty.channel.nio.NioIoHandler.processSelectedKeys(NioIoHandler.java:503)
			at io.netty.channel.nio.NioIoHandler.run(NioIoHandler.java:475)
			at io.netty.channel.SingleThreadIoEventLoop.runIo(SingleThreadIoEventLoop.java:225)
			at io.netty.channel.SingleThreadIoEventLoop.run(SingleThreadIoEventLoop.java:196)
			at io.netty.util.concurrent.SingleThreadEventExecutor$5.run(SingleThreadEventExecutor.java:1193)
			at io.netty.util.internal.ThreadExecutorMap$2.run(ThreadExecutorMap.java:74)
			at io.netty.util.concurrent.FastThreadLocalRunnable.run(FastThreadLocalRunnable.java:30)
			at java.base/java.lang.Thread.run(Thread.java:1583)
	Caused by: org.neo4j.driver.exceptions.Neo4jException: 53U00: Execution of the function example.ipBelongsToNetwork() failed due to java.lang.RuntimeException: Invalid IP or network format: IP and network must not be null or empty..
		at org.neo4j.driver.internal.adaptedbolt.ErrorMapper.mapGqlCause(ErrorMapper.java:179)
		at java.base/java.util.Optional.map(Optional.java:260)
		at org.neo4j.driver.internal.adaptedbolt.ErrorMapper.mapBoltFailureException(ErrorMapper.java:122)
		at org.neo4j.driver.internal.adaptedbolt.ErrorMapper.map(ErrorMapper.java:81)
		at org.neo4j.driver.internal.adaptedbolt.AdaptingDriverResponseHandler.onError(AdaptingDriverResponseHandler.java:68)
		at org.neo4j.bolt.connection.pooled.impl.PooledBoltConnection$PooledResponseHandler.onError(PooledBoltConnection.java:204)
		at org.neo4j.bolt.connection.netty.impl.BoltConnectionImpl$ResponseHandleImpl.lambda$onError$1(BoltConnectionImpl.java:676)
		at org.neo4j.bolt.connection.netty.impl.BoltConnectionImpl$ResponseHandleImpl.runIgnoringError(BoltConnectionImpl.java:808)
		at org.neo4j.bolt.connection.netty.impl.BoltConnectionImpl$ResponseHandleImpl.onError(BoltConnectionImpl.java:676)
		at org.neo4j.bolt.connection.netty.impl.BoltConnectionImpl$5.onError(BoltConnectionImpl.java:364)
		at org.neo4j.bolt.connection.netty.impl.messaging.v4.BoltProtocolV4$2.onError(BoltProtocolV4.java:205)
		at org.neo4j.bolt.connection.netty.impl.handlers.PullResponseHandlerImpl.onFailure(PullResponseHandlerImpl.java:46)
		at org.neo4j.bolt.connection.netty.impl.async.inbound.InboundMessageDispatcher.handleFailureMessage(InboundMessageDispatcher.java:108)
		at org.neo4j.bolt.connection.netty.impl.messaging.v57.MessageReaderV57.unpackFailureMessage(MessageReaderV57.java:46)
		at org.neo4j.bolt.connection.netty.impl.messaging.common.CommonMessageReader.read(CommonMessageReader.java:53)
		at org.neo4j.bolt.connection.netty.impl.async.inbound.InboundMessageHandler.channelRead0(InboundMessageHandler.java:81)
		at org.neo4j.bolt.connection.netty.impl.async.inbound.InboundMessageHandler.channelRead0(InboundMessageHandler.java:34)
		at io.netty.channel.SimpleChannelInboundHandler.channelRead(SimpleChannelInboundHandler.java:99)
		at io.netty.channel.AbstractChannelHandlerContext.fireChannelRead(AbstractChannelHandlerContext.java:356)
		at io.netty.handler.codec.ByteToMessageDecoder.fireChannelRead(ByteToMessageDecoder.java:346)
		at io.netty.handler.codec.ByteToMessageDecoder.channelRead(ByteToMessageDecoder.java:318)
		at org.neo4j.bolt.connection.netty.impl.async.inbound.MessageDecoder.channelRead(MessageDecoder.java:40)
		at io.netty.channel.AbstractChannelHandlerContext.fireChannelRead(AbstractChannelHandlerContext.java:356)
		at io.netty.handler.codec.ByteToMessageDecoder.fireChannelRead(ByteToMessageDecoder.java:346)
		at io.netty.handler.codec.ByteToMessageDecoder.channelRead(ByteToMessageDecoder.java:318)
		at io.netty.channel.AbstractChannelHandlerContext.fireChannelRead(AbstractChannelHandlerContext.java:356)
		at io.netty.handler.timeout.IdleStateHandler.channelRead(IdleStateHandler.java:293)
		at io.netty.channel.AbstractChannelHandlerContext.fireChannelRead(AbstractChannelHandlerContext.java:354)
		at io.netty.channel.DefaultChannelPipeline$HeadContext.channelRead(DefaultChannelPipeline.java:1429)
		at io.netty.channel.DefaultChannelPipeline.fireChannelRead(DefaultChannelPipeline.java:918)
		at io.netty.channel.nio.AbstractNioByteChannel$NioByteUnsafe.read(AbstractNioByteChannel.java:167)
		at io.netty.channel.nio.AbstractNioChannel$AbstractNioUnsafe.handle(AbstractNioChannel.java:445)
		at io.netty.channel.nio.NioIoHandler$DefaultNioRegistration.handle(NioIoHandler.java:381)
		at io.netty.channel.nio.NioIoHandler.processSelectedKey(NioIoHandler.java:587)
		at io.netty.channel.nio.NioIoHandler.processSelectedKeysOptimized(NioIoHandler.java:562)
		at io.netty.channel.nio.NioIoHandler.processSelectedKeys(NioIoHandler.java:503)
		at io.netty.channel.nio.NioIoHandler.run(NioIoHandler.java:475)
		at io.netty.channel.SingleThreadIoEventLoop.runIo(SingleThreadIoEventLoop.java:225)
		at io.netty.channel.SingleThreadIoEventLoop.run(SingleThreadIoEventLoop.java:196)
		at io.netty.util.concurrent.SingleThreadEventExecutor$5.run(SingleThreadEventExecutor.java:1193)
		at io.netty.util.internal.ThreadExecutorMap$2.run(ThreadExecutorMap.java:74)
		at io.netty.util.concurrent.FastThreadLocalRunnable.run(FastThreadLocalRunnable.java:30)
		at java.base/java.lang.Thread.run(Thread.java:1583)

example.NetworkUtilsTest.testIPv6Address -- Time elapsed: 0.255 s <<< FAILURE!
java.lang.AssertionError: 

Expecting code to raise a throwable.
	at example.NetworkUtilsTest.testIPv6Address(NetworkUtilsTest.java:187)

example.NetworkUtilsTest.testEmptyNetwork -- Time elapsed: 0.039 s <<< FAILURE!
java.lang.AssertionError: 

Expecting code to raise a throwable.
	at example.NetworkUtilsTest.testEmptyNetwork(NetworkUtilsTest.java:127)
	Suppressed: org.neo4j.driver.exceptions.ClientException: Failed to invoke function `example.ipBelongsToNetwork`: Caused by: java.lang.RuntimeException: Invalid IP or network format: IP and network must not be null or empty.
		at org.neo4j.driver.internal.util.Futures.blockingGet(Futures.java:63)
		at org.neo4j.driver.internal.InternalSession.lambda$close$3(InternalSession.java:90)
		at org.neo4j.driver.internal.observation.util.ObservationUtil.observe(ObservationUtil.java:40)
		at org.neo4j.driver.internal.InternalSession.close(InternalSession.java:88)
		at example.NetworkUtilsTest.closeSession(NetworkUtilsTest.java:49)
		Suppressed: org.neo4j.driver.internal.util.ErrorUtil$InternalExceptionCause
			at org.neo4j.driver.internal.adaptedbolt.ErrorMapper.mapToNeo4jException(ErrorMapper.java:224)
			at org.neo4j.driver.internal.adaptedbolt.ErrorMapper.mapBoltFailureException(ErrorMapper.java:141)
			at org.neo4j.driver.internal.adaptedbolt.ErrorMapper.map(ErrorMapper.java:81)
			at org.neo4j.driver.internal.adaptedbolt.AdaptingDriverResponseHandler.onError(AdaptingDriverResponseHandler.java:68)
			at org.neo4j.bolt.connection.pooled.impl.PooledBoltConnection$PooledResponseHandler.onError(PooledBoltConnection.java:204)
			at org.neo4j.bolt.connection.netty.impl.BoltConnectionImpl$ResponseHandleImpl.lambda$onError$1(BoltConnectionImpl.java:676)
			at org.neo4j.bolt.connection.netty.impl.BoltConnectionImpl$ResponseHandleImpl.runIgnoringError(BoltConnectionImpl.java:808)
			at org.neo4j.bolt.connection.netty.impl.BoltConnectionImpl$ResponseHandleImpl.onError(BoltConnectionImpl.java:676)
			at org.neo4j.bolt.connection.netty.impl.BoltConnectionImpl$5.onError(BoltConnectionImpl.java:364)
			at org.neo4j.bolt.connection.netty.impl.messaging.v4.BoltProtocolV4$2.onError(BoltProtocolV4.java:205)
			at org.neo4j.bolt.connection.netty.impl.handlers.PullResponseHandlerImpl.onFailure(PullResponseHandlerImpl.java:46)
			at org.neo4j.bolt.connection.netty.impl.async.inbound.InboundMessageDispatcher.handleFailureMessage(InboundMessageDispatcher.java:108)
			at org.neo4j.bolt.connection.netty.impl.messaging.v57.MessageReaderV57.unpackFailureMessage(MessageReaderV57.java:46)
			at org.neo4j.bolt.connection.netty.impl.messaging.common.CommonMessageReader.read(CommonMessageReader.java:53)
			at org.neo4j.bolt.connection.netty.impl.async.inbound.InboundMessageHandler.channelRead0(InboundMessageHandler.java:81)
			at org.neo4j.bolt.connection.netty.impl.async.inbound.InboundMessageHandler.channelRead0(InboundMessageHandler.java:34)
			at io.netty.channel.SimpleChannelInboundHandler.channelRead(SimpleChannelInboundHandler.java:99)
			at io.netty.channel.AbstractChannelHandlerContext.fireChannelRead(AbstractChannelHandlerContext.java:356)
			at io.netty.handler.codec.ByteToMessageDecoder.fireChannelRead(ByteToMessageDecoder.java:346)
			at io.netty.handler.codec.ByteToMessageDecoder.channelRead(ByteToMessageDecoder.java:318)
			at org.neo4j.bolt.connection.netty.impl.async.inbound.MessageDecoder.channelRead(MessageDecoder.java:40)
			at io.netty.channel.AbstractChannelHandlerContext.fireChannelRead(AbstractChannelHandlerContext.java:356)
			at io.netty.handler.codec.ByteToMessageDecoder.fireChannelRead(ByteToMessageDecoder.java:346)
			at io.netty.handler.codec.ByteToMessageDecoder.channelRead(ByteToMessageDecoder.java:318)
			at io.netty.channel.AbstractChannelHandlerContext.fireChannelRead(AbstractChannelHandlerContext.java:356)
			at io.netty.handler.timeout.IdleStateHandler.channelRead(IdleStateHandler.java:293)
			at io.netty.channel.AbstractChannelHandlerContext.fireChannelRead(AbstractChannelHandlerContext.java:354)
			at io.netty.channel.DefaultChannelPipeline$HeadContext.channelRead(DefaultChannelPipeline.java:1429)
			at io.netty.channel.DefaultChannelPipeline.fireChannelRead(DefaultChannelPipeline.java:918)
			at io.netty.channel.nio.AbstractNioByteChannel$NioByteUnsafe.read(AbstractNioByteChannel.java:167)
			at io.netty.channel.nio.AbstractNioChannel$AbstractNioUnsafe.handle(AbstractNioChannel.java:445)
			at io.netty.channel.nio.NioIoHandler$DefaultNioRegistration.handle(NioIoHandler.java:381)
			at io.netty.channel.nio.NioIoHandler.processSelectedKey(NioIoHandler.java:587)
			at io.netty.channel.nio.NioIoHandler.processSelectedKeysOptimized(NioIoHandler.java:562)
			at io.netty.channel.nio.NioIoHandler.processSelectedKeys(NioIoHandler.java:503)
			at io.netty.channel.nio.NioIoHandler.run(NioIoHandler.java:475)
			at io.netty.channel.SingleThreadIoEventLoop.runIo(SingleThreadIoEventLoop.java:225)
			at io.netty.channel.SingleThreadIoEventLoop.run(SingleThreadIoEventLoop.java:196)
			at io.netty.util.concurrent.SingleThreadEventExecutor$5.run(SingleThreadEventExecutor.java:1193)
			at io.netty.util.internal.ThreadExecutorMap$2.run(ThreadExecutorMap.java:74)
			at io.netty.util.concurrent.FastThreadLocalRunnable.run(FastThreadLocalRunnable.java:30)
			at java.base/java.lang.Thread.run(Thread.java:1583)
	Caused by: org.neo4j.driver.exceptions.Neo4jException: 53U00: Execution of the function example.ipBelongsToNetwork() failed due to java.lang.RuntimeException: Invalid IP or network format: IP and network must not be null or empty..
		at org.neo4j.driver.internal.adaptedbolt.ErrorMapper.mapGqlCause(ErrorMapper.java:179)
		at java.base/java.util.Optional.map(Optional.java:260)
		at org.neo4j.driver.internal.adaptedbolt.ErrorMapper.mapBoltFailureException(ErrorMapper.java:122)
		at org.neo4j.driver.internal.adaptedbolt.ErrorMapper.map(ErrorMapper.java:81)
		at org.neo4j.driver.internal.adaptedbolt.AdaptingDriverResponseHandler.onError(AdaptingDriverResponseHandler.java:68)
		at org.neo4j.bolt.connection.pooled.impl.PooledBoltConnection$PooledResponseHandler.onError(PooledBoltConnection.java:204)
		at org.neo4j.bolt.connection.netty.impl.BoltConnectionImpl$ResponseHandleImpl.lambda$onError$1(BoltConnectionImpl.java:676)
		at org.neo4j.bolt.connection.netty.impl.BoltConnectionImpl$ResponseHandleImpl.runIgnoringError(BoltConnectionImpl.java:808)
		at org.neo4j.bolt.connection.netty.impl.BoltConnectionImpl$ResponseHandleImpl.onError(BoltConnectionImpl.java:676)
		at org.neo4j.bolt.connection.netty.impl.BoltConnectionImpl$5.onError(BoltConnectionImpl.java:364)
		at org.neo4j.bolt.connection.netty.impl.messaging.v4.BoltProtocolV4$2.onError(BoltProtocolV4.java:205)
		at org.neo4j.bolt.connection.netty.impl.handlers.PullResponseHandlerImpl.onFailure(PullResponseHandlerImpl.java:46)
		at org.neo4j.bolt.connection.netty.impl.async.inbound.InboundMessageDispatcher.handleFailureMessage(InboundMessageDispatcher.java:108)
		at org.neo4j.bolt.connection.netty.impl.messaging.v57.MessageReaderV57.unpackFailureMessage(MessageReaderV57.java:46)
		at org.neo4j.bolt.connection.netty.impl.messaging.common.CommonMessageReader.read(CommonMessageReader.java:53)
		at org.neo4j.bolt.connection.netty.impl.async.inbound.InboundMessageHandler.channelRead0(InboundMessageHandler.java:81)
		at org.neo4j.bolt.connection.netty.impl.async.inbound.InboundMessageHandler.channelRead0(InboundMessageHandler.java:34)
		at io.netty.channel.SimpleChannelInboundHandler.channelRead(SimpleChannelInboundHandler.java:99)
		at io.netty.channel.AbstractChannelHandlerContext.fireChannelRead(AbstractChannelHandlerContext.java:356)
		at io.netty.handler.codec.ByteToMessageDecoder.fireChannelRead(ByteToMessageDecoder.java:346)
		at io.netty.handler.codec.ByteToMessageDecoder.channelRead(ByteToMessageDecoder.java:318)
		at org.neo4j.bolt.connection.netty.impl.async.inbound.MessageDecoder.channelRead(MessageDecoder.java:40)
		at io.netty.channel.AbstractChannelHandlerContext.fireChannelRead(AbstractChannelHandlerContext.java:356)
		at io.netty.handler.codec.ByteToMessageDecoder.fireChannelRead(ByteToMessageDecoder.java:346)
		at io.netty.handler.codec.ByteToMessageDecoder.channelRead(ByteToMessageDecoder.java:318)
		at io.netty.channel.AbstractChannelHandlerContext.fireChannelRead(AbstractChannelHandlerContext.java:356)
		at io.netty.handler.timeout.IdleStateHandler.channelRead(IdleStateHandler.java:293)
		at io.netty.channel.AbstractChannelHandlerContext.fireChannelRead(AbstractChannelHandlerContext.java:354)
		at io.netty.channel.DefaultChannelPipeline$HeadContext.channelRead(DefaultChannelPipeline.java:1429)
		at io.netty.channel.DefaultChannelPipeline.fireChannelRead(DefaultChannelPipeline.java:918)
		at io.netty.channel.nio.AbstractNioByteChannel$NioByteUnsafe.read(AbstractNioByteChannel.java:167)
		at io.netty.channel.nio.AbstractNioChannel$AbstractNioUnsafe.handle(AbstractNioChannel.java:445)
		at io.netty.channel.nio.NioIoHandler$DefaultNioRegistration.handle(NioIoHandler.java:381)
		at io.netty.channel.nio.NioIoHandler.processSelectedKey(NioIoHandler.java:587)
		at io.netty.channel.nio.NioIoHandler.processSelectedKeysOptimized(NioIoHandler.java:562)
		at io.netty.channel.nio.NioIoHandler.processSelectedKeys(NioIoHandler.java:503)
		at io.netty.channel.nio.NioIoHandler.run(NioIoHandler.java:475)
		at io.netty.channel.SingleThreadIoEventLoop.runIo(SingleThreadIoEventLoop.java:225)
		at io.netty.channel.SingleThreadIoEventLoop.run(SingleThreadIoEventLoop.java:196)
		at io.netty.util.concurrent.SingleThreadEventExecutor$5.run(SingleThreadEventExecutor.java:1193)
		at io.netty.util.internal.ThreadExecutorMap$2.run(ThreadExecutorMap.java:74)
		at io.netty.util.concurrent.FastThreadLocalRunnable.run(FastThreadLocalRunnable.java:30)
		at java.base/java.lang.Thread.run(Thread.java:1583)

example.NetworkUtilsTest.testInvalidIp(String, String)[1] -- Time elapsed: 0.036 s <<< FAILURE!
java.lang.AssertionError: 

Expecting code to raise a throwable.
	at example.NetworkUtilsTest.testInvalidIp(NetworkUtilsTest.java:93)
	Suppressed: org.neo4j.driver.exceptions.ClientException: Failed to invoke function `example.ipBelongsToNetwork`: Caused by: java.lang.RuntimeException: Invalid IP or network format: invalid_ip or 10.10.0.0/8
		at org.neo4j.driver.internal.util.Futures.blockingGet(Futures.java:63)
		at org.neo4j.driver.internal.InternalSession.lambda$close$3(InternalSession.java:90)
		at org.neo4j.driver.internal.observation.util.ObservationUtil.observe(ObservationUtil.java:40)
		at org.neo4j.driver.internal.InternalSession.close(InternalSession.java:88)
		at example.NetworkUtilsTest.closeSession(NetworkUtilsTest.java:49)
		Suppressed: org.neo4j.driver.internal.util.ErrorUtil$InternalExceptionCause
			at org.neo4j.driver.internal.adaptedbolt.ErrorMapper.mapToNeo4jException(ErrorMapper.java:224)
			at org.neo4j.driver.internal.adaptedbolt.ErrorMapper.mapBoltFailureException(ErrorMapper.java:141)
			at org.neo4j.driver.internal.adaptedbolt.ErrorMapper.map(ErrorMapper.java:81)
			at org.neo4j.driver.internal.adaptedbolt.AdaptingDriverResponseHandler.onError(AdaptingDriverResponseHandler.java:68)
			at org.neo4j.bolt.connection.pooled.impl.PooledBoltConnection$PooledResponseHandler.onError(PooledBoltConnection.java:204)
			at org.neo4j.bolt.connection.netty.impl.BoltConnectionImpl$ResponseHandleImpl.lambda$onError$1(BoltConnectionImpl.java:676)
			at org.neo4j.bolt.connection.netty.impl.BoltConnectionImpl$ResponseHandleImpl.runIgnoringError(BoltConnectionImpl.java:808)
			at org.neo4j.bolt.connection.netty.impl.BoltConnectionImpl$ResponseHandleImpl.onError(BoltConnectionImpl.java:676)
			at org.neo4j.bolt.connection.netty.impl.BoltConnectionImpl$5.onError(BoltConnectionImpl.java:364)
			at org.neo4j.bolt.connection.netty.impl.messaging.v4.BoltProtocolV4$2.onError(BoltProtocolV4.java:205)
			at org.neo4j.bolt.connection.netty.impl.handlers.PullResponseHandlerImpl.onFailure(PullResponseHandlerImpl.java:46)
			at org.neo4j.bolt.connection.netty.impl.async.inbound.InboundMessageDispatcher.handleFailureMessage(InboundMessageDispatcher.java:108)
			at org.neo4j.bolt.connection.netty.impl.messaging.v57.MessageReaderV57.unpackFailureMessage(MessageReaderV57.java:46)
			at org.neo4j.bolt.connection.netty.impl.messaging.common.CommonMessageReader.read(CommonMessageReader.java:53)
			at org.neo4j.bolt.connection.netty.impl.async.inbound.InboundMessageHandler.channelRead0(InboundMessageHandler.java:81)
			at org.neo4j.bolt.connection.netty.impl.async.inbound.InboundMessageHandler.channelRead0(InboundMessageHandler.java:34)
			at io.netty.channel.SimpleChannelInboundHandler.channelRead(SimpleChannelInboundHandler.java:99)
			at io.netty.channel.AbstractChannelHandlerContext.fireChannelRead(AbstractChannelHandlerContext.java:356)
			at io.netty.handler.codec.ByteToMessageDecoder.fireChannelRead(ByteToMessageDecoder.java:346)
			at io.netty.handler.codec.ByteToMessageDecoder.channelRead(ByteToMessageDecoder.java:318)
			at org.neo4j.bolt.connection.netty.impl.async.inbound.MessageDecoder.channelRead(MessageDecoder.java:40)
			at io.netty.channel.AbstractChannelHandlerContext.fireChannelRead(AbstractChannelHandlerContext.java:356)
			at io.netty.handler.codec.ByteToMessageDecoder.fireChannelRead(ByteToMessageDecoder.java:346)
			at io.netty.handler.codec.ByteToMessageDecoder.channelRead(ByteToMessageDecoder.java:318)
			at io.netty.channel.AbstractChannelHandlerContext.fireChannelRead(AbstractChannelHandlerContext.java:356)
			at io.netty.handler.timeout.IdleStateHandler.channelRead(IdleStateHandler.java:293)
			at io.netty.channel.AbstractChannelHandlerContext.fireChannelRead(AbstractChannelHandlerContext.java:354)
			at io.netty.channel.DefaultChannelPipeline$HeadContext.channelRead(DefaultChannelPipeline.java:1429)
			at io.netty.channel.DefaultChannelPipeline.fireChannelRead(DefaultChannelPipeline.java:918)
			at io.netty.channel.nio.AbstractNioByteChannel$NioByteUnsafe.read(AbstractNioByteChannel.java:167)
			at io.netty.channel.nio.AbstractNioChannel$AbstractNioUnsafe.handle(AbstractNioChannel.java:445)
			at io.netty.channel.nio.NioIoHandler$DefaultNioRegistration.handle(NioIoHandler.java:381)
			at io.netty.channel.nio.NioIoHandler.processSelectedKey(NioIoHandler.java:587)
			at io.netty.channel.nio.NioIoHandler.processSelectedKeysOptimized(NioIoHandler.java:562)
			at io.netty.channel.nio.NioIoHandler.processSelectedKeys(NioIoHandler.java:503)
			at io.netty.channel.nio.NioIoHandler.run(NioIoHandler.java:475)
			at io.netty.channel.SingleThreadIoEventLoop.runIo(SingleThreadIoEventLoop.java:225)
			at io.netty.channel.SingleThreadIoEventLoop.run(SingleThreadIoEventLoop.java:196)
			at io.netty.util.concurrent.SingleThreadEventExecutor$5.run(SingleThreadEventExecutor.java:1193)
			at io.netty.util.internal.ThreadExecutorMap$2.run(ThreadExecutorMap.java:74)
			at io.netty.util.concurrent.FastThreadLocalRunnable.run(FastThreadLocalRunnable.java:30)
			at java.base/java.lang.Thread.run(Thread.java:1583)
	Caused by: org.neo4j.driver.exceptions.Neo4jException: 53U00: Execution of the function example.ipBelongsToNetwork() failed due to java.lang.RuntimeException: Invalid IP or network format: invalid_ip or 10.10.0.0/8.
		at org.neo4j.driver.internal.adaptedbolt.ErrorMapper.mapGqlCause(ErrorMapper.java:179)
		at java.base/java.util.Optional.map(Optional.java:260)
		at org.neo4j.driver.internal.adaptedbolt.ErrorMapper.mapBoltFailureException(ErrorMapper.java:122)
		at org.neo4j.driver.internal.adaptedbolt.ErrorMapper.map(ErrorMapper.java:81)
		at org.neo4j.driver.internal.adaptedbolt.AdaptingDriverResponseHandler.onError(AdaptingDriverResponseHandler.java:68)
		at org.neo4j.bolt.connection.pooled.impl.PooledBoltConnection$PooledResponseHandler.onError(PooledBoltConnection.java:204)
		at org.neo4j.bolt.connection.netty.impl.BoltConnectionImpl$ResponseHandleImpl.lambda$onError$1(BoltConnectionImpl.java:676)
		at org.neo4j.bolt.connection.netty.impl.BoltConnectionImpl$ResponseHandleImpl.runIgnoringError(BoltConnectionImpl.java:808)
		at org.neo4j.bolt.connection.netty.impl.BoltConnectionImpl$ResponseHandleImpl.onError(BoltConnectionImpl.java:676)
		at org.neo4j.bolt.connection.netty.impl.BoltConnectionImpl$5.onError(BoltConnectionImpl.java:364)
		at org.neo4j.bolt.connection.netty.impl.messaging.v4.BoltProtocolV4$2.onError(BoltProtocolV4.java:205)
		at org.neo4j.bolt.connection.netty.impl.handlers.PullResponseHandlerImpl.onFailure(PullResponseHandlerImpl.java:46)
		at org.neo4j.bolt.connection.netty.impl.async.inbound.InboundMessageDispatcher.handleFailureMessage(InboundMessageDispatcher.java:108)
		at org.neo4j.bolt.connection.netty.impl.messaging.v57.MessageReaderV57.unpackFailureMessage(MessageReaderV57.java:46)
		at org.neo4j.bolt.connection.netty.impl.messaging.common.CommonMessageReader.read(CommonMessageReader.java:53)
		at org.neo4j.bolt.connection.netty.impl.async.inbound.InboundMessageHandler.channelRead0(InboundMessageHandler.java:81)
		at org.neo4j.bolt.connection.netty.impl.async.inbound.InboundMessageHandler.channelRead0(InboundMessageHandler.java:34)
		at io.netty.channel.SimpleChannelInboundHandler.channelRead(SimpleChannelInboundHandler.java:99)
		at io.netty.channel.AbstractChannelHandlerContext.fireChannelRead(AbstractChannelHandlerContext.java:356)
		at io.netty.handler.codec.ByteToMessageDecoder.fireChannelRead(ByteToMessageDecoder.java:346)
		at io.netty.handler.codec.ByteToMessageDecoder.channelRead(ByteToMessageDecoder.java:318)
		at org.neo4j.bolt.connection.netty.impl.async.inbound.MessageDecoder.channelRead(MessageDecoder.java:40)
		at io.netty.channel.AbstractChannelHandlerContext.fireChannelRead(AbstractChannelHandlerContext.java:356)
		at io.netty.handler.codec.ByteToMessageDecoder.fireChannelRead(ByteToMessageDecoder.java:346)
		at io.netty.handler.codec.ByteToMessageDecoder.channelRead(ByteToMessageDecoder.java:318)
		at io.netty.channel.AbstractChannelHandlerContext.fireChannelRead(AbstractChannelHandlerContext.java:356)
		at io.netty.handler.timeout.IdleStateHandler.channelRead(IdleStateHandler.java:293)
		at io.netty.channel.AbstractChannelHandlerContext.fireChannelRead(AbstractChannelHandlerContext.java:354)
		at io.netty.channel.DefaultChannelPipeline$HeadContext.channelRead(DefaultChannelPipeline.java:1429)
		at io.netty.channel.DefaultChannelPipeline.fireChannelRead(DefaultChannelPipeline.java:918)
		at io.netty.channel.nio.AbstractNioByteChannel$NioByteUnsafe.read(AbstractNioByteChannel.java:167)
		at io.netty.channel.nio.AbstractNioChannel$AbstractNioUnsafe.handle(AbstractNioChannel.java:445)
		at io.netty.channel.nio.NioIoHandler$DefaultNioRegistration.handle(NioIoHandler.java:381)
		at io.netty.channel.nio.NioIoHandler.processSelectedKey(NioIoHandler.java:587)
		at io.netty.channel.nio.NioIoHandler.processSelectedKeysOptimized(NioIoHandler.java:562)
		at io.netty.channel.nio.NioIoHandler.processSelectedKeys(NioIoHandler.java:503)
		at io.netty.channel.nio.NioIoHandler.run(NioIoHandler.java:475)
		at io.netty.channel.SingleThreadIoEventLoop.runIo(SingleThreadIoEventLoop.java:225)
		at io.netty.channel.SingleThreadIoEventLoop.run(SingleThreadIoEventLoop.java:196)
		at io.netty.util.concurrent.SingleThreadEventExecutor$5.run(SingleThreadEventExecutor.java:1193)
		at io.netty.util.internal.ThreadExecutorMap$2.run(ThreadExecutorMap.java:74)
		at io.netty.util.concurrent.FastThreadLocalRunnable.run(FastThreadLocalRunnable.java:30)
		at java.base/java.lang.Thread.run(Thread.java:1583)

example.NetworkUtilsTest.testInvalidIp(String, String)[2] -- Time elapsed: 0.013 s <<< FAILURE!
java.lang.AssertionError: 

Expecting code to raise a throwable.
	at example.NetworkUtilsTest.testInvalidIp(NetworkUtilsTest.java:93)
	Suppressed: org.neo4j.driver.exceptions.ClientException: Failed to invoke function `example.ipBelongsToNetwork`: Caused by: java.lang.RuntimeException: Invalid IP or network format: 999.999.999.999 or 10.10.0.0/8
		at org.neo4j.driver.internal.util.Futures.blockingGet(Futures.java:63)
		at org.neo4j.driver.internal.InternalSession.lambda$close$3(InternalSession.java:90)
		at org.neo4j.driver.internal.observation.util.ObservationUtil.observe(ObservationUtil.java:40)
		at org.neo4j.driver.internal.InternalSession.close(InternalSession.java:88)
		at example.NetworkUtilsTest.closeSession(NetworkUtilsTest.java:49)
		Suppressed: org.neo4j.driver.internal.util.ErrorUtil$InternalExceptionCause
			at org.neo4j.driver.internal.adaptedbolt.ErrorMapper.mapToNeo4jException(ErrorMapper.java:224)
			at org.neo4j.driver.internal.adaptedbolt.ErrorMapper.mapBoltFailureException(ErrorMapper.java:141)
			at org.neo4j.driver.internal.adaptedbolt.ErrorMapper.map(ErrorMapper.java:81)
			at org.neo4j.driver.internal.adaptedbolt.AdaptingDriverResponseHandler.onError(AdaptingDriverResponseHandler.java:68)
			at org.neo4j.bolt.connection.pooled.impl.PooledBoltConnection$PooledResponseHandler.onError(PooledBoltConnection.java:204)
			at org.neo4j.bolt.connection.netty.impl.BoltConnectionImpl$ResponseHandleImpl.lambda$onError$1(BoltConnectionImpl.java:676)
			at org.neo4j.bolt.connection.netty.impl.BoltConnectionImpl$ResponseHandleImpl.runIgnoringError(BoltConnectionImpl.java:808)
			at org.neo4j.bolt.connection.netty.impl.BoltConnectionImpl$ResponseHandleImpl.onError(BoltConnectionImpl.java:676)
			at org.neo4j.bolt.connection.netty.impl.BoltConnectionImpl$5.onError(BoltConnectionImpl.java:364)
			at org.neo4j.bolt.connection.netty.impl.messaging.v4.BoltProtocolV4$2.onError(BoltProtocolV4.java:205)
			at org.neo4j.bolt.connection.netty.impl.handlers.PullResponseHandlerImpl.onFailure(PullResponseHandlerImpl.java:46)
			at org.neo4j.bolt.connection.netty.impl.async.inbound.InboundMessageDispatcher.handleFailureMessage(InboundMessageDispatcher.java:108)
			at org.neo4j.bolt.connection.netty.impl.messaging.v57.MessageReaderV57.unpackFailureMessage(MessageReaderV57.java:46)
			at org.neo4j.bolt.connection.netty.impl.messaging.common.CommonMessageReader.read(CommonMessageReader.java:53)
			at org.neo4j.bolt.connection.netty.impl.async.inbound.InboundMessageHandler.channelRead0(InboundMessageHandler.java:81)
			at org.neo4j.bolt.connection.netty.impl.async.inbound.InboundMessageHandler.channelRead0(InboundMessageHandler.java:34)
			at io.netty.channel.SimpleChannelInboundHandler.channelRead(SimpleChannelInboundHandler.java:99)
			at io.netty.channel.AbstractChannelHandlerContext.fireChannelRead(AbstractChannelHandlerContext.java:356)
			at io.netty.handler.codec.ByteToMessageDecoder.fireChannelRead(ByteToMessageDecoder.java:346)
			at io.netty.handler.codec.ByteToMessageDecoder.channelRead(ByteToMessageDecoder.java:318)
			at org.neo4j.bolt.connection.netty.impl.async.inbound.MessageDecoder.channelRead(MessageDecoder.java:40)
			at io.netty.channel.AbstractChannelHandlerContext.fireChannelRead(AbstractChannelHandlerContext.java:356)
			at io.netty.handler.codec.ByteToMessageDecoder.fireChannelRead(ByteToMessageDecoder.java:346)
			at io.netty.handler.codec.ByteToMessageDecoder.channelRead(ByteToMessageDecoder.java:318)
			at io.netty.channel.AbstractChannelHandlerContext.fireChannelRead(AbstractChannelHandlerContext.java:356)
			at io.netty.handler.timeout.IdleStateHandler.channelRead(IdleStateHandler.java:293)
			at io.netty.channel.AbstractChannelHandlerContext.fireChannelRead(AbstractChannelHandlerContext.java:354)
			at io.netty.channel.DefaultChannelPipeline$HeadContext.channelRead(DefaultChannelPipeline.java:1429)
			at io.netty.channel.DefaultChannelPipeline.fireChannelRead(DefaultChannelPipeline.java:918)
			at io.netty.channel.nio.AbstractNioByteChannel$NioByteUnsafe.read(AbstractNioByteChannel.java:167)
			at io.netty.channel.nio.AbstractNioChannel$AbstractNioUnsafe.handle(AbstractNioChannel.java:445)
			at io.netty.channel.nio.NioIoHandler$DefaultNioRegistration.handle(NioIoHandler.java:381)
			at io.netty.channel.nio.NioIoHandler.processSelectedKey(NioIoHandler.java:587)
			at io.netty.channel.nio.NioIoHandler.processSelectedKeysOptimized(NioIoHandler.java:562)
			at io.netty.channel.nio.NioIoHandler.processSelectedKeys(NioIoHandler.java:503)
			at io.netty.channel.nio.NioIoHandler.run(NioIoHandler.java:475)
			at io.netty.channel.SingleThreadIoEventLoop.runIo(SingleThreadIoEventLoop.java:225)
			at io.netty.channel.SingleThreadIoEventLoop.run(SingleThreadIoEventLoop.java:196)
			at io.netty.util.concurrent.SingleThreadEventExecutor$5.run(SingleThreadEventExecutor.java:1193)
			at io.netty.util.internal.ThreadExecutorMap$2.run(ThreadExecutorMap.java:74)
			at io.netty.util.concurrent.FastThreadLocalRunnable.run(FastThreadLocalRunnable.java:30)
			at java.base/java.lang.Thread.run(Thread.java:1583)
	Caused by: org.neo4j.driver.exceptions.Neo4jException: 53U00: Execution of the function example.ipBelongsToNetwork() failed due to java.lang.RuntimeException: Invalid IP or network format: 999.999.999.999 or 10.10.0.0/8.
		at org.neo4j.driver.internal.adaptedbolt.ErrorMapper.mapGqlCause(ErrorMapper.java:179)
		at java.base/java.util.Optional.map(Optional.java:260)
		at org.neo4j.driver.internal.adaptedbolt.ErrorMapper.mapBoltFailureException(ErrorMapper.java:122)
		at org.neo4j.driver.internal.adaptedbolt.ErrorMapper.map(ErrorMapper.java:81)
		at org.neo4j.driver.internal.adaptedbolt.AdaptingDriverResponseHandler.onError(AdaptingDriverResponseHandler.java:68)
		at org.neo4j.bolt.connection.pooled.impl.PooledBoltConnection$PooledResponseHandler.onError(PooledBoltConnection.java:204)
		at org.neo4j.bolt.connection.netty.impl.BoltConnectionImpl$ResponseHandleImpl.lambda$onError$1(BoltConnectionImpl.java:676)
		at org.neo4j.bolt.connection.netty.impl.BoltConnectionImpl$ResponseHandleImpl.runIgnoringError(BoltConnectionImpl.java:808)
		at org.neo4j.bolt.connection.netty.impl.BoltConnectionImpl$ResponseHandleImpl.onError(BoltConnectionImpl.java:676)
		at org.neo4j.bolt.connection.netty.impl.BoltConnectionImpl$5.onError(BoltConnectionImpl.java:364)
		at org.neo4j.bolt.connection.netty.impl.messaging.v4.BoltProtocolV4$2.onError(BoltProtocolV4.java:205)
		at org.neo4j.bolt.connection.netty.impl.handlers.PullResponseHandlerImpl.onFailure(PullResponseHandlerImpl.java:46)
		at org.neo4j.bolt.connection.netty.impl.async.inbound.InboundMessageDispatcher.handleFailureMessage(InboundMessageDispatcher.java:108)
		at org.neo4j.bolt.connection.netty.impl.messaging.v57.MessageReaderV57.unpackFailureMessage(MessageReaderV57.java:46)
		at org.neo4j.bolt.connection.netty.impl.messaging.common.CommonMessageReader.read(CommonMessageReader.java:53)
		at org.neo4j.bolt.connection.netty.impl.async.inbound.InboundMessageHandler.channelRead0(InboundMessageHandler.java:81)
		at org.neo4j.bolt.connection.netty.impl.async.inbound.InboundMessageHandler.channelRead0(InboundMessageHandler.java:34)
		at io.netty.channel.SimpleChannelInboundHandler.channelRead(SimpleChannelInboundHandler.java:99)
		at io.netty.channel.AbstractChannelHandlerContext.fireChannelRead(AbstractChannelHandlerContext.java:356)
		at io.netty.handler.codec.ByteToMessageDecoder.fireChannelRead(ByteToMessageDecoder.java:346)
		at io.netty.handler.codec.ByteToMessageDecoder.channelRead(ByteToMessageDecoder.java:318)
		at org.neo4j.bolt.connection.netty.impl.async.inbound.MessageDecoder.channelRead(MessageDecoder.java:40)
		at io.netty.channel.AbstractChannelHandlerContext.fireChannelRead(AbstractChannelHandlerContext.java:356)
		at io.netty.handler.codec.ByteToMessageDecoder.fireChannelRead(ByteToMessageDecoder.java:346)
		at io.netty.handler.codec.ByteToMessageDecoder.channelRead(ByteToMessageDecoder.java:318)
		at io.netty.channel.AbstractChannelHandlerContext.fireChannelRead(AbstractChannelHandlerContext.java:356)
		at io.netty.handler.timeout.IdleStateHandler.channelRead(IdleStateHandler.java:293)
		at io.netty.channel.AbstractChannelHandlerContext.fireChannelRead(AbstractChannelHandlerContext.java:354)
		at io.netty.channel.DefaultChannelPipeline$HeadContext.channelRead(DefaultChannelPipeline.java:1429)
		at io.netty.channel.DefaultChannelPipeline.fireChannelRead(DefaultChannelPipeline.java:918)
		at io.netty.channel.nio.AbstractNioByteChannel$NioByteUnsafe.read(AbstractNioByteChannel.java:167)
		at io.netty.channel.nio.AbstractNioChannel$AbstractNioUnsafe.handle(AbstractNioChannel.java:445)
		at io.netty.channel.nio.NioIoHandler$DefaultNioRegistration.handle(NioIoHandler.java:381)
		at io.netty.channel.nio.NioIoHandler.processSelectedKey(NioIoHandler.java:587)
		at io.netty.channel.nio.NioIoHandler.processSelectedKeysOptimized(NioIoHandler.java:562)
		at io.netty.channel.nio.NioIoHandler.processSelectedKeys(NioIoHandler.java:503)
		at io.netty.channel.nio.NioIoHandler.run(NioIoHandler.java:475)
		at io.netty.channel.SingleThreadIoEventLoop.runIo(SingleThreadIoEventLoop.java:225)
		at io.netty.channel.SingleThreadIoEventLoop.run(SingleThreadIoEventLoop.java:196)
		at io.netty.util.concurrent.SingleThreadEventExecutor$5.run(SingleThreadEventExecutor.java:1193)
		at io.netty.util.internal.ThreadExecutorMap$2.run(ThreadExecutorMap.java:74)
		at io.netty.util.concurrent.FastThreadLocalRunnable.run(FastThreadLocalRunnable.java:30)
		at java.base/java.lang.Thread.run(Thread.java:1583)

example.NetworkUtilsTest.testInvalidIp(String, String)[3] -- Time elapsed: 0.010 s <<< FAILURE!
java.lang.AssertionError: 

Expecting code to raise a throwable.
	at example.NetworkUtilsTest.testInvalidIp(NetworkUtilsTest.java:93)
	Suppressed: org.neo4j.driver.exceptions.ClientException: Failed to invoke function `example.ipBelongsToNetwork`: Caused by: java.lang.RuntimeException: Invalid IP or network format: 10.10.0.256 or 10.10.0.0/24
		at org.neo4j.driver.internal.util.Futures.blockingGet(Futures.java:63)
		at org.neo4j.driver.internal.InternalSession.lambda$close$3(InternalSession.java:90)
		at org.neo4j.driver.internal.observation.util.ObservationUtil.observe(ObservationUtil.java:40)
		at org.neo4j.driver.internal.InternalSession.close(InternalSession.java:88)
		at example.NetworkUtilsTest.closeSession(NetworkUtilsTest.java:49)
		Suppressed: org.neo4j.driver.internal.util.ErrorUtil$InternalExceptionCause
			at org.neo4j.driver.internal.adaptedbolt.ErrorMapper.mapToNeo4jException(ErrorMapper.java:224)
			at org.neo4j.driver.internal.adaptedbolt.ErrorMapper.mapBoltFailureException(ErrorMapper.java:141)
			at org.neo4j.driver.internal.adaptedbolt.ErrorMapper.map(ErrorMapper.java:81)
			at org.neo4j.driver.internal.adaptedbolt.AdaptingDriverResponseHandler.onError(AdaptingDriverResponseHandler.java:68)
			at org.neo4j.bolt.connection.pooled.impl.PooledBoltConnection$PooledResponseHandler.onError(PooledBoltConnection.java:204)
			at org.neo4j.bolt.connection.netty.impl.BoltConnectionImpl$ResponseHandleImpl.lambda$onError$1(BoltConnectionImpl.java:676)
			at org.neo4j.bolt.connection.netty.impl.BoltConnectionImpl$ResponseHandleImpl.runIgnoringError(BoltConnectionImpl.java:808)
			at org.neo4j.bolt.connection.netty.impl.BoltConnectionImpl$ResponseHandleImpl.onError(BoltConnectionImpl.java:676)
			at org.neo4j.bolt.connection.netty.impl.BoltConnectionImpl$5.onError(BoltConnectionImpl.java:364)
			at org.neo4j.bolt.connection.netty.impl.messaging.v4.BoltProtocolV4$2.onError(BoltProtocolV4.java:205)
			at org.neo4j.bolt.connection.netty.impl.handlers.PullResponseHandlerImpl.onFailure(PullResponseHandlerImpl.java:46)
			at org.neo4j.bolt.connection.netty.impl.async.inbound.InboundMessageDispatcher.handleFailureMessage(InboundMessageDispatcher.java:108)
			at org.neo4j.bolt.connection.netty.impl.messaging.v57.MessageReaderV57.unpackFailureMessage(MessageReaderV57.java:46)
			at org.neo4j.bolt.connection.netty.impl.messaging.common.CommonMessageReader.read(CommonMessageReader.java:53)
			at org.neo4j.bolt.connection.netty.impl.async.inbound.InboundMessageHandler.channelRead0(InboundMessageHandler.java:81)
			at org.neo4j.bolt.connection.netty.impl.async.inbound.InboundMessageHandler.channelRead0(InboundMessageHandler.java:34)
			at io.netty.channel.SimpleChannelInboundHandler.channelRead(SimpleChannelInboundHandler.java:99)
			at io.netty.channel.AbstractChannelHandlerContext.fireChannelRead(AbstractChannelHandlerContext.java:356)
			at io.netty.handler.codec.ByteToMessageDecoder.fireChannelRead(ByteToMessageDecoder.java:346)
			at io.netty.handler.codec.ByteToMessageDecoder.channelRead(ByteToMessageDecoder.java:318)
			at org.neo4j.bolt.connection.netty.impl.async.inbound.MessageDecoder.channelRead(MessageDecoder.java:40)
			at io.netty.channel.AbstractChannelHandlerContext.fireChannelRead(AbstractChannelHandlerContext.java:356)
			at io.netty.handler.codec.ByteToMessageDecoder.fireChannelRead(ByteToMessageDecoder.java:346)
			at io.netty.handler.codec.ByteToMessageDecoder.channelRead(ByteToMessageDecoder.java:318)
			at io.netty.channel.AbstractChannelHandlerContext.fireChannelRead(AbstractChannelHandlerContext.java:356)
			at io.netty.handler.timeout.IdleStateHandler.channelRead(IdleStateHandler.java:293)
			at io.netty.channel.AbstractChannelHandlerContext.fireChannelRead(AbstractChannelHandlerContext.java:354)
			at io.netty.channel.DefaultChannelPipeline$HeadContext.channelRead(DefaultChannelPipeline.java:1429)
			at io.netty.channel.DefaultChannelPipeline.fireChannelRead(DefaultChannelPipeline.java:918)
			at io.netty.channel.nio.AbstractNioByteChannel$NioByteUnsafe.read(AbstractNioByteChannel.java:167)
			at io.netty.channel.nio.AbstractNioChannel$AbstractNioUnsafe.handle(AbstractNioChannel.java:445)
			at io.netty.channel.nio.NioIoHandler$DefaultNioRegistration.handle(NioIoHandler.java:381)
			at io.netty.channel.nio.NioIoHandler.processSelectedKey(NioIoHandler.java:587)
			at io.netty.channel.nio.NioIoHandler.processSelectedKeysOptimized(NioIoHandler.java:562)
			at io.netty.channel.nio.NioIoHandler.processSelectedKeys(NioIoHandler.java:503)
			at io.netty.channel.nio.NioIoHandler.run(NioIoHandler.java:475)
			at io.netty.channel.SingleThreadIoEventLoop.runIo(SingleThreadIoEventLoop.java:225)
			at io.netty.channel.SingleThreadIoEventLoop.run(SingleThreadIoEventLoop.java:196)
			at io.netty.util.concurrent.SingleThreadEventExecutor$5.run(SingleThreadEventExecutor.java:1193)
			at io.netty.util.internal.ThreadExecutorMap$2.run(ThreadExecutorMap.java:74)
			at io.netty.util.concurrent.FastThreadLocalRunnable.run(FastThreadLocalRunnable.java:30)
			at java.base/java.lang.Thread.run(Thread.java:1583)
	Caused by: org.neo4j.driver.exceptions.Neo4jException: 53U00: Execution of the function example.ipBelongsToNetwork() failed due to java.lang.RuntimeException: Invalid IP or network format: 10.10.0.256 or 10.10.0.0/24.
		at org.neo4j.driver.internal.adaptedbolt.ErrorMapper.mapGqlCause(ErrorMapper.java:179)
		at java.base/java.util.Optional.map(Optional.java:260)
		at org.neo4j.driver.internal.adaptedbolt.ErrorMapper.mapBoltFailureException(ErrorMapper.java:122)
		at org.neo4j.driver.internal.adaptedbolt.ErrorMapper.map(ErrorMapper.java:81)
		at org.neo4j.driver.internal.adaptedbolt.AdaptingDriverResponseHandler.onError(AdaptingDriverResponseHandler.java:68)
		at org.neo4j.bolt.connection.pooled.impl.PooledBoltConnection$PooledResponseHandler.onError(PooledBoltConnection.java:204)
		at org.neo4j.bolt.connection.netty.impl.BoltConnectionImpl$ResponseHandleImpl.lambda$onError$1(BoltConnectionImpl.java:676)
		at org.neo4j.bolt.connection.netty.impl.BoltConnectionImpl$ResponseHandleImpl.runIgnoringError(BoltConnectionImpl.java:808)
		at org.neo4j.bolt.connection.netty.impl.BoltConnectionImpl$ResponseHandleImpl.onError(BoltConnectionImpl.java:676)
		at org.neo4j.bolt.connection.netty.impl.BoltConnectionImpl$5.onError(BoltConnectionImpl.java:364)
		at org.neo4j.bolt.connection.netty.impl.messaging.v4.BoltProtocolV4$2.onError(BoltProtocolV4.java:205)
		at org.neo4j.bolt.connection.netty.impl.handlers.PullResponseHandlerImpl.onFailure(PullResponseHandlerImpl.java:46)
		at org.neo4j.bolt.connection.netty.impl.async.inbound.InboundMessageDispatcher.handleFailureMessage(InboundMessageDispatcher.java:108)
		at org.neo4j.bolt.connection.netty.impl.messaging.v57.MessageReaderV57.unpackFailureMessage(MessageReaderV57.java:46)
		at org.neo4j.bolt.connection.netty.impl.messaging.common.CommonMessageReader.read(CommonMessageReader.java:53)
		at org.neo4j.bolt.connection.netty.impl.async.inbound.InboundMessageHandler.channelRead0(InboundMessageHandler.java:81)
		at org.neo4j.bolt.connection.netty.impl.async.inbound.InboundMessageHandler.channelRead0(InboundMessageHandler.java:34)
		at io.netty.channel.SimpleChannelInboundHandler.channelRead(SimpleChannelInboundHandler.java:99)
		at io.netty.channel.AbstractChannelHandlerContext.fireChannelRead(AbstractChannelHandlerContext.java:356)
		at io.netty.handler.codec.ByteToMessageDecoder.fireChannelRead(ByteToMessageDecoder.java:346)
		at io.netty.handler.codec.ByteToMessageDecoder.channelRead(ByteToMessageDecoder.java:318)
		at org.neo4j.bolt.connection.netty.impl.async.inbound.MessageDecoder.channelRead(MessageDecoder.java:40)
		at io.netty.channel.AbstractChannelHandlerContext.fireChannelRead(AbstractChannelHandlerContext.java:356)
		at io.netty.handler.codec.ByteToMessageDecoder.fireChannelRead(ByteToMessageDecoder.java:346)
		at io.netty.handler.codec.ByteToMessageDecoder.channelRead(ByteToMessageDecoder.java:318)
		at io.netty.channel.AbstractChannelHandlerContext.fireChannelRead(AbstractChannelHandlerContext.java:356)
		at io.netty.handler.timeout.IdleStateHandler.channelRead(IdleStateHandler.java:293)
		at io.netty.channel.AbstractChannelHandlerContext.fireChannelRead(AbstractChannelHandlerContext.java:354)
		at io.netty.channel.DefaultChannelPipeline$HeadContext.channelRead(DefaultChannelPipeline.java:1429)
		at io.netty.channel.DefaultChannelPipeline.fireChannelRead(DefaultChannelPipeline.java:918)
		at io.netty.channel.nio.AbstractNioByteChannel$NioByteUnsafe.read(AbstractNioByteChannel.java:167)
		at io.netty.channel.nio.AbstractNioChannel$AbstractNioUnsafe.handle(AbstractNioChannel.java:445)
		at io.netty.channel.nio.NioIoHandler$DefaultNioRegistration.handle(NioIoHandler.java:381)
		at io.netty.channel.nio.NioIoHandler.processSelectedKey(NioIoHandler.java:587)
		at io.netty.channel.nio.NioIoHandler.processSelectedKeysOptimized(NioIoHandler.java:562)
		at io.netty.channel.nio.NioIoHandler.processSelectedKeys(NioIoHandler.java:503)
		at io.netty.channel.nio.NioIoHandler.run(NioIoHandler.java:475)
		at io.netty.channel.SingleThreadIoEventLoop.runIo(SingleThreadIoEventLoop.java:225)
		at io.netty.channel.SingleThreadIoEventLoop.run(SingleThreadIoEventLoop.java:196)
		at io.netty.util.concurrent.SingleThreadEventExecutor$5.run(SingleThreadEventExecutor.java:1193)
		at io.netty.util.internal.ThreadExecutorMap$2.run(ThreadExecutorMap.java:74)
		at io.netty.util.concurrent.FastThreadLocalRunnable.run(FastThreadLocalRunnable.java:30)
		at java.base/java.lang.Thread.run(Thread.java:1583)

example.NetworkUtilsTest.testInvalidIp(String, String)[4] -- Time elapsed: 0.010 s <<< FAILURE!
java.lang.AssertionError: 

Expecting code to raise a throwable.
	at example.NetworkUtilsTest.testInvalidIp(NetworkUtilsTest.java:93)
	Suppressed: org.neo4j.driver.exceptions.ClientException: Failed to invoke function `example.ipBelongsToNetwork`: Caused by: java.lang.RuntimeException: Invalid IP or network format: 10.10.-1.1 or 10.10.0.0/24
		at org.neo4j.driver.internal.util.Futures.blockingGet(Futures.java:63)
		at org.neo4j.driver.internal.InternalSession.lambda$close$3(InternalSession.java:90)
		at org.neo4j.driver.internal.observation.util.ObservationUtil.observe(ObservationUtil.java:40)
		at org.neo4j.driver.internal.InternalSession.close(InternalSession.java:88)
		at example.NetworkUtilsTest.closeSession(NetworkUtilsTest.java:49)
		Suppressed: org.neo4j.driver.internal.util.ErrorUtil$InternalExceptionCause
			at org.neo4j.driver.internal.adaptedbolt.ErrorMapper.mapToNeo4jException(ErrorMapper.java:224)
			at org.neo4j.driver.internal.adaptedbolt.ErrorMapper.mapBoltFailureException(ErrorMapper.java:141)
			at org.neo4j.driver.internal.adaptedbolt.ErrorMapper.map(ErrorMapper.java:81)
			at org.neo4j.driver.internal.adaptedbolt.AdaptingDriverResponseHandler.onError(AdaptingDriverResponseHandler.java:68)
			at org.neo4j.bolt.connection.pooled.impl.PooledBoltConnection$PooledResponseHandler.onError(PooledBoltConnection.java:204)
			at org.neo4j.bolt.connection.netty.impl.BoltConnectionImpl$ResponseHandleImpl.lambda$onError$1(BoltConnectionImpl.java:676)
			at org.neo4j.bolt.connection.netty.impl.BoltConnectionImpl$ResponseHandleImpl.runIgnoringError(BoltConnectionImpl.java:808)
			at org.neo4j.bolt.connection.netty.impl.BoltConnectionImpl$ResponseHandleImpl.onError(BoltConnectionImpl.java:676)
			at org.neo4j.bolt.connection.netty.impl.BoltConnectionImpl$5.onError(BoltConnectionImpl.java:364)
			at org.neo4j.bolt.connection.netty.impl.messaging.v4.BoltProtocolV4$2.onError(BoltProtocolV4.java:205)
			at org.neo4j.bolt.connection.netty.impl.handlers.PullResponseHandlerImpl.onFailure(PullResponseHandlerImpl.java:46)
			at org.neo4j.bolt.connection.netty.impl.async.inbound.InboundMessageDispatcher.handleFailureMessage(InboundMessageDispatcher.java:108)
			at org.neo4j.bolt.connection.netty.impl.messaging.v57.MessageReaderV57.unpackFailureMessage(MessageReaderV57.java:46)
			at org.neo4j.bolt.connection.netty.impl.messaging.common.CommonMessageReader.read(CommonMessageReader.java:53)
			at org.neo4j.bolt.connection.netty.impl.async.inbound.InboundMessageHandler.channelRead0(InboundMessageHandler.java:81)
			at org.neo4j.bolt.connection.netty.impl.async.inbound.InboundMessageHandler.channelRead0(InboundMessageHandler.java:34)
			at io.netty.channel.SimpleChannelInboundHandler.channelRead(SimpleChannelInboundHandler.java:99)
			at io.netty.channel.AbstractChannelHandlerContext.fireChannelRead(AbstractChannelHandlerContext.java:356)
			at io.netty.handler.codec.ByteToMessageDecoder.fireChannelRead(ByteToMessageDecoder.java:346)
			at io.netty.handler.codec.ByteToMessageDecoder.channelRead(ByteToMessageDecoder.java:318)
			at org.neo4j.bolt.connection.netty.impl.async.inbound.MessageDecoder.channelRead(MessageDecoder.java:40)
			at io.netty.channel.AbstractChannelHandlerContext.fireChannelRead(AbstractChannelHandlerContext.java:356)
			at io.netty.handler.codec.ByteToMessageDecoder.fireChannelRead(ByteToMessageDecoder.java:346)
			at io.netty.handler.codec.ByteToMessageDecoder.channelRead(ByteToMessageDecoder.java:318)
			at io.netty.channel.AbstractChannelHandlerContext.fireChannelRead(AbstractChannelHandlerContext.java:356)
			at io.netty.handler.timeout.IdleStateHandler.channelRead(IdleStateHandler.java:293)
			at io.netty.channel.AbstractChannelHandlerContext.fireChannelRead(AbstractChannelHandlerContext.java:354)
			at io.netty.channel.DefaultChannelPipeline$HeadContext.channelRead(DefaultChannelPipeline.java:1429)
			at io.netty.channel.DefaultChannelPipeline.fireChannelRead(DefaultChannelPipeline.java:918)
			at io.netty.channel.nio.AbstractNioByteChannel$NioByteUnsafe.read(AbstractNioByteChannel.java:167)
			at io.netty.channel.nio.AbstractNioChannel$AbstractNioUnsafe.handle(AbstractNioChannel.java:445)
			at io.netty.channel.nio.NioIoHandler$DefaultNioRegistration.handle(NioIoHandler.java:381)
			at io.netty.channel.nio.NioIoHandler.processSelectedKey(NioIoHandler.java:587)
			at io.netty.channel.nio.NioIoHandler.processSelectedKeysOptimized(NioIoHandler.java:562)
			at io.netty.channel.nio.NioIoHandler.processSelectedKeys(NioIoHandler.java:503)
			at io.netty.channel.nio.NioIoHandler.run(NioIoHandler.java:475)
			at io.netty.channel.SingleThreadIoEventLoop.runIo(SingleThreadIoEventLoop.java:225)
			at io.netty.channel.SingleThreadIoEventLoop.run(SingleThreadIoEventLoop.java:196)
			at io.netty.util.concurrent.SingleThreadEventExecutor$5.run(SingleThreadEventExecutor.java:1193)
			at io.netty.util.internal.ThreadExecutorMap$2.run(ThreadExecutorMap.java:74)
			at io.netty.util.concurrent.FastThreadLocalRunnable.run(FastThreadLocalRunnable.java:30)
			at java.base/java.lang.Thread.run(Thread.java:1583)
	Caused by: org.neo4j.driver.exceptions.Neo4jException: 53U00: Execution of the function example.ipBelongsToNetwork() failed due to java.lang.RuntimeException: Invalid IP or network format: 10.10.-1.1 or 10.10.0.0/24.
		at org.neo4j.driver.internal.adaptedbolt.ErrorMapper.mapGqlCause(ErrorMapper.java:179)
		at java.base/java.util.Optional.map(Optional.java:260)
		at org.neo4j.driver.internal.adaptedbolt.ErrorMapper.mapBoltFailureException(ErrorMapper.java:122)
		at org.neo4j.driver.internal.adaptedbolt.ErrorMapper.map(ErrorMapper.java:81)
		at org.neo4j.driver.internal.adaptedbolt.AdaptingDriverResponseHandler.onError(AdaptingDriverResponseHandler.java:68)
		at org.neo4j.bolt.connection.pooled.impl.PooledBoltConnection$PooledResponseHandler.onError(PooledBoltConnection.java:204)
		at org.neo4j.bolt.connection.netty.impl.BoltConnectionImpl$ResponseHandleImpl.lambda$onError$1(BoltConnectionImpl.java:676)
		at org.neo4j.bolt.connection.netty.impl.BoltConnectionImpl$ResponseHandleImpl.runIgnoringError(BoltConnectionImpl.java:808)
		at org.neo4j.bolt.connection.netty.impl.BoltConnectionImpl$ResponseHandleImpl.onError(BoltConnectionImpl.java:676)
		at org.neo4j.bolt.connection.netty.impl.BoltConnectionImpl$5.onError(BoltConnectionImpl.java:364)
		at org.neo4j.bolt.connection.netty.impl.messaging.v4.BoltProtocolV4$2.onError(BoltProtocolV4.java:205)
		at org.neo4j.bolt.connection.netty.impl.handlers.PullResponseHandlerImpl.onFailure(PullResponseHandlerImpl.java:46)
		at org.neo4j.bolt.connection.netty.impl.async.inbound.InboundMessageDispatcher.handleFailureMessage(InboundMessageDispatcher.java:108)
		at org.neo4j.bolt.connection.netty.impl.messaging.v57.MessageReaderV57.unpackFailureMessage(MessageReaderV57.java:46)
		at org.neo4j.bolt.connection.netty.impl.messaging.common.CommonMessageReader.read(CommonMessageReader.java:53)
		at org.neo4j.bolt.connection.netty.impl.async.inbound.InboundMessageHandler.channelRead0(InboundMessageHandler.java:81)
		at org.neo4j.bolt.connection.netty.impl.async.inbound.InboundMessageHandler.channelRead0(InboundMessageHandler.java:34)
		at io.netty.channel.SimpleChannelInboundHandler.channelRead(SimpleChannelInboundHandler.java:99)
		at io.netty.channel.AbstractChannelHandlerContext.fireChannelRead(AbstractChannelHandlerContext.java:356)
		at io.netty.handler.codec.ByteToMessageDecoder.fireChannelRead(ByteToMessageDecoder.java:346)
		at io.netty.handler.codec.ByteToMessageDecoder.channelRead(ByteToMessageDecoder.java:318)
		at org.neo4j.bolt.connection.netty.impl.async.inbound.MessageDecoder.channelRead(MessageDecoder.java:40)
		at io.netty.channel.AbstractChannelHandlerContext.fireChannelRead(AbstractChannelHandlerContext.java:356)
		at io.netty.handler.codec.ByteToMessageDecoder.fireChannelRead(ByteToMessageDecoder.java:346)
		at io.netty.handler.codec.ByteToMessageDecoder.channelRead(ByteToMessageDecoder.java:318)
		at io.netty.channel.AbstractChannelHandlerContext.fireChannelRead(AbstractChannelHandlerContext.java:356)
		at io.netty.handler.timeout.IdleStateHandler.channelRead(IdleStateHandler.java:293)
		at io.netty.channel.AbstractChannelHandlerContext.fireChannelRead(AbstractChannelHandlerContext.java:354)
		at io.netty.channel.DefaultChannelPipeline$HeadContext.channelRead(DefaultChannelPipeline.java:1429)
		at io.netty.channel.DefaultChannelPipeline.fireChannelRead(DefaultChannelPipeline.java:918)
		at io.netty.channel.nio.AbstractNioByteChannel$NioByteUnsafe.read(AbstractNioByteChannel.java:167)
		at io.netty.channel.nio.AbstractNioChannel$AbstractNioUnsafe.handle(AbstractNioChannel.java:445)
		at io.netty.channel.nio.NioIoHandler$DefaultNioRegistration.handle(NioIoHandler.java:381)
		at io.netty.channel.nio.NioIoHandler.processSelectedKey(NioIoHandler.java:587)
		at io.netty.channel.nio.NioIoHandler.processSelectedKeysOptimized(NioIoHandler.java:562)
		at io.netty.channel.nio.NioIoHandler.processSelectedKeys(NioIoHandler.java:503)
		at io.netty.channel.nio.NioIoHandler.run(NioIoHandler.java:475)
		at io.netty.channel.SingleThreadIoEventLoop.runIo(SingleThreadIoEventLoop.java:225)
		at io.netty.channel.SingleThreadIoEventLoop.run(SingleThreadIoEventLoop.java:196)
		at io.netty.util.concurrent.SingleThreadEventExecutor$5.run(SingleThreadEventExecutor.java:1193)
		at io.netty.util.internal.ThreadExecutorMap$2.run(ThreadExecutorMap.java:74)
		at io.netty.util.concurrent.FastThreadLocalRunnable.run(FastThreadLocalRunnable.java:30)
		at java.base/java.lang.Thread.run(Thread.java:1583)

example.NetworkUtilsTest.testNullNetwork -- Time elapsed: 0.032 s <<< FAILURE!
java.lang.AssertionError: 

Expecting code to raise a throwable.
	at example.NetworkUtilsTest.testNullNetwork(NetworkUtilsTest.java:145)
	Suppressed: org.neo4j.driver.exceptions.ClientException: Failed to invoke function `example.ipBelongsToNetwork`: Caused by: java.lang.RuntimeException: Invalid IP or network format: IP and network must not be null or empty.
		at org.neo4j.driver.internal.util.Futures.blockingGet(Futures.java:63)
		at org.neo4j.driver.internal.InternalSession.lambda$close$3(InternalSession.java:90)
		at org.neo4j.driver.internal.observation.util.ObservationUtil.observe(ObservationUtil.java:40)
		at org.neo4j.driver.internal.InternalSession.close(InternalSession.java:88)
		at example.NetworkUtilsTest.closeSession(NetworkUtilsTest.java:49)
		Suppressed: org.neo4j.driver.internal.util.ErrorUtil$InternalExceptionCause
			at org.neo4j.driver.internal.adaptedbolt.ErrorMapper.mapToNeo4jException(ErrorMapper.java:224)
			at org.neo4j.driver.internal.adaptedbolt.ErrorMapper.mapBoltFailureException(ErrorMapper.java:141)
			at org.neo4j.driver.internal.adaptedbolt.ErrorMapper.map(ErrorMapper.java:81)
			at org.neo4j.driver.internal.adaptedbolt.AdaptingDriverResponseHandler.onError(AdaptingDriverResponseHandler.java:68)
			at org.neo4j.bolt.connection.pooled.impl.PooledBoltConnection$PooledResponseHandler.onError(PooledBoltConnection.java:204)
			at org.neo4j.bolt.connection.netty.impl.BoltConnectionImpl$ResponseHandleImpl.lambda$onError$1(BoltConnectionImpl.java:676)
			at org.neo4j.bolt.connection.netty.impl.BoltConnectionImpl$ResponseHandleImpl.runIgnoringError(BoltConnectionImpl.java:808)
			at org.neo4j.bolt.connection.netty.impl.BoltConnectionImpl$ResponseHandleImpl.onError(BoltConnectionImpl.java:676)
			at org.neo4j.bolt.connection.netty.impl.BoltConnectionImpl$5.onError(BoltConnectionImpl.java:364)
			at org.neo4j.bolt.connection.netty.impl.messaging.v4.BoltProtocolV4$2.onError(BoltProtocolV4.java:205)
			at org.neo4j.bolt.connection.netty.impl.handlers.PullResponseHandlerImpl.onFailure(PullResponseHandlerImpl.java:46)
			at org.neo4j.bolt.connection.netty.impl.async.inbound.InboundMessageDispatcher.handleFailureMessage(InboundMessageDispatcher.java:108)
			at org.neo4j.bolt.connection.netty.impl.messaging.v57.MessageReaderV57.unpackFailureMessage(MessageReaderV57.java:46)
			at org.neo4j.bolt.connection.netty.impl.messaging.common.CommonMessageReader.read(CommonMessageReader.java:53)
			at org.neo4j.bolt.connection.netty.impl.async.inbound.InboundMessageHandler.channelRead0(InboundMessageHandler.java:81)
			at org.neo4j.bolt.connection.netty.impl.async.inbound.InboundMessageHandler.channelRead0(InboundMessageHandler.java:34)
			at io.netty.channel.SimpleChannelInboundHandler.channelRead(SimpleChannelInboundHandler.java:99)
			at io.netty.channel.AbstractChannelHandlerContext.fireChannelRead(AbstractChannelHandlerContext.java:356)
			at io.netty.handler.codec.ByteToMessageDecoder.fireChannelRead(ByteToMessageDecoder.java:346)
			at io.netty.handler.codec.ByteToMessageDecoder.channelRead(ByteToMessageDecoder.java:318)
			at org.neo4j.bolt.connection.netty.impl.async.inbound.MessageDecoder.channelRead(MessageDecoder.java:40)
			at io.netty.channel.AbstractChannelHandlerContext.fireChannelRead(AbstractChannelHandlerContext.java:356)
			at io.netty.handler.codec.ByteToMessageDecoder.fireChannelRead(ByteToMessageDecoder.java:346)
			at io.netty.handler.codec.ByteToMessageDecoder.channelRead(ByteToMessageDecoder.java:318)
			at io.netty.channel.AbstractChannelHandlerContext.fireChannelRead(AbstractChannelHandlerContext.java:356)
			at io.netty.handler.timeout.IdleStateHandler.channelRead(IdleStateHandler.java:293)
			at io.netty.channel.AbstractChannelHandlerContext.fireChannelRead(AbstractChannelHandlerContext.java:354)
			at io.netty.channel.DefaultChannelPipeline$HeadContext.channelRead(DefaultChannelPipeline.java:1429)
			at io.netty.channel.DefaultChannelPipeline.fireChannelRead(DefaultChannelPipeline.java:918)
			at io.netty.channel.nio.AbstractNioByteChannel$NioByteUnsafe.read(AbstractNioByteChannel.java:167)
			at io.netty.channel.nio.AbstractNioChannel$AbstractNioUnsafe.handle(AbstractNioChannel.java:445)
			at io.netty.channel.nio.NioIoHandler$DefaultNioRegistration.handle(NioIoHandler.java:381)
			at io.netty.channel.nio.NioIoHandler.processSelectedKey(NioIoHandler.java:587)
			at io.netty.channel.nio.NioIoHandler.processSelectedKeysOptimized(NioIoHandler.java:562)
			at io.netty.channel.nio.NioIoHandler.processSelectedKeys(NioIoHandler.java:503)
			at io.netty.channel.nio.NioIoHandler.run(NioIoHandler.java:475)
			at io.netty.channel.SingleThreadIoEventLoop.runIo(SingleThreadIoEventLoop.java:225)
			at io.netty.channel.SingleThreadIoEventLoop.run(SingleThreadIoEventLoop.java:196)
			at io.netty.util.concurrent.SingleThreadEventExecutor$5.run(SingleThreadEventExecutor.java:1193)
			at io.netty.util.internal.ThreadExecutorMap$2.run(ThreadExecutorMap.java:74)
			at io.netty.util.concurrent.FastThreadLocalRunnable.run(FastThreadLocalRunnable.java:30)
			at java.base/java.lang.Thread.run(Thread.java:1583)
	Caused by: org.neo4j.driver.exceptions.Neo4jException: 53U00: Execution of the function example.ipBelongsToNetwork() failed due to java.lang.RuntimeException: Invalid IP or network format: IP and network must not be null or empty..
		at org.neo4j.driver.internal.adaptedbolt.ErrorMapper.mapGqlCause(ErrorMapper.java:179)
		at java.base/java.util.Optional.map(Optional.java:260)
		at org.neo4j.driver.internal.adaptedbolt.ErrorMapper.mapBoltFailureException(ErrorMapper.java:122)
		at org.neo4j.driver.internal.adaptedbolt.ErrorMapper.map(ErrorMapper.java:81)
		at org.neo4j.driver.internal.adaptedbolt.AdaptingDriverResponseHandler.onError(AdaptingDriverResponseHandler.java:68)
		at org.neo4j.bolt.connection.pooled.impl.PooledBoltConnection$PooledResponseHandler.onError(PooledBoltConnection.java:204)
		at org.neo4j.bolt.connection.netty.impl.BoltConnectionImpl$ResponseHandleImpl.lambda$onError$1(BoltConnectionImpl.java:676)
		at org.neo4j.bolt.connection.netty.impl.BoltConnectionImpl$ResponseHandleImpl.runIgnoringError(BoltConnectionImpl.java:808)
		at org.neo4j.bolt.connection.netty.impl.BoltConnectionImpl$ResponseHandleImpl.onError(BoltConnectionImpl.java:676)
		at org.neo4j.bolt.connection.netty.impl.BoltConnectionImpl$5.onError(BoltConnectionImpl.java:364)
		at org.neo4j.bolt.connection.netty.impl.messaging.v4.BoltProtocolV4$2.onError(BoltProtocolV4.java:205)
		at org.neo4j.bolt.connection.netty.impl.handlers.PullResponseHandlerImpl.onFailure(PullResponseHandlerImpl.java:46)
		at org.neo4j.bolt.connection.netty.impl.async.inbound.InboundMessageDispatcher.handleFailureMessage(InboundMessageDispatcher.java:108)
		at org.neo4j.bolt.connection.netty.impl.messaging.v57.MessageReaderV57.unpackFailureMessage(MessageReaderV57.java:46)
		at org.neo4j.bolt.connection.netty.impl.messaging.common.CommonMessageReader.read(CommonMessageReader.java:53)
		at org.neo4j.bolt.connection.netty.impl.async.inbound.InboundMessageHandler.channelRead0(InboundMessageHandler.java:81)
		at org.neo4j.bolt.connection.netty.impl.async.inbound.InboundMessageHandler.channelRead0(InboundMessageHandler.java:34)
		at io.netty.channel.SimpleChannelInboundHandler.channelRead(SimpleChannelInboundHandler.java:99)
		at io.netty.channel.AbstractChannelHandlerContext.fireChannelRead(AbstractChannelHandlerContext.java:356)
		at io.netty.handler.codec.ByteToMessageDecoder.fireChannelRead(ByteToMessageDecoder.java:346)
		at io.netty.handler.codec.ByteToMessageDecoder.channelRead(ByteToMessageDecoder.java:318)
		at org.neo4j.bolt.connection.netty.impl.async.inbound.MessageDecoder.channelRead(MessageDecoder.java:40)
		at io.netty.channel.AbstractChannelHandlerContext.fireChannelRead(AbstractChannelHandlerContext.java:356)
		at io.netty.handler.codec.ByteToMessageDecoder.fireChannelRead(ByteToMessageDecoder.java:346)
		at io.netty.handler.codec.ByteToMessageDecoder.channelRead(ByteToMessageDecoder.java:318)
		at io.netty.channel.AbstractChannelHandlerContext.fireChannelRead(AbstractChannelHandlerContext.java:356)
		at io.netty.handler.timeout.IdleStateHandler.channelRead(IdleStateHandler.java:293)
		at io.netty.channel.AbstractChannelHandlerContext.fireChannelRead(AbstractChannelHandlerContext.java:354)
		at io.netty.channel.DefaultChannelPipeline$HeadContext.channelRead(DefaultChannelPipeline.java:1429)
		at io.netty.channel.DefaultChannelPipeline.fireChannelRead(DefaultChannelPipeline.java:918)
		at io.netty.channel.nio.AbstractNioByteChannel$NioByteUnsafe.read(AbstractNioByteChannel.java:167)
		at io.netty.channel.nio.AbstractNioChannel$AbstractNioUnsafe.handle(AbstractNioChannel.java:445)
		at io.netty.channel.nio.NioIoHandler$DefaultNioRegistration.handle(NioIoHandler.java:381)
		at io.netty.channel.nio.NioIoHandler.processSelectedKey(NioIoHandler.java:587)
		at io.netty.channel.nio.NioIoHandler.processSelectedKeysOptimized(NioIoHandler.java:562)
		at io.netty.channel.nio.NioIoHandler.processSelectedKeys(NioIoHandler.java:503)
		at io.netty.channel.nio.NioIoHandler.run(NioIoHandler.java:475)
		at io.netty.channel.SingleThreadIoEventLoop.runIo(SingleThreadIoEventLoop.java:225)
		at io.netty.channel.SingleThreadIoEventLoop.run(SingleThreadIoEventLoop.java:196)
		at io.netty.util.concurrent.SingleThreadEventExecutor$5.run(SingleThreadEventExecutor.java:1193)
		at io.netty.util.internal.ThreadExecutorMap$2.run(ThreadExecutorMap.java:74)
		at io.netty.util.concurrent.FastThreadLocalRunnable.run(FastThreadLocalRunnable.java:30)
		at java.base/java.lang.Thread.run(Thread.java:1583)

example.NetworkUtilsTest.testInvalidNetwork(String, String)[1] -- Time elapsed: 0.013 s <<< FAILURE!
java.lang.AssertionError: 

Expecting code to raise a throwable.
	at example.NetworkUtilsTest.testInvalidNetwork(NetworkUtilsTest.java:109)
	Suppressed: org.neo4j.driver.exceptions.ClientException: Failed to invoke function `example.ipBelongsToNetwork`: Caused by: java.lang.RuntimeException: Invalid IP or network format: Invalid network format.
		at org.neo4j.driver.internal.util.Futures.blockingGet(Futures.java:63)
		at org.neo4j.driver.internal.InternalSession.lambda$close$3(InternalSession.java:90)
		at org.neo4j.driver.internal.observation.util.ObservationUtil.observe(ObservationUtil.java:40)
		at org.neo4j.driver.internal.InternalSession.close(InternalSession.java:88)
		at example.NetworkUtilsTest.closeSession(NetworkUtilsTest.java:49)
		Suppressed: org.neo4j.driver.internal.util.ErrorUtil$InternalExceptionCause
			at org.neo4j.driver.internal.adaptedbolt.ErrorMapper.mapToNeo4jException(ErrorMapper.java:224)
			at org.neo4j.driver.internal.adaptedbolt.ErrorMapper.mapBoltFailureException(ErrorMapper.java:141)
			at org.neo4j.driver.internal.adaptedbolt.ErrorMapper.map(ErrorMapper.java:81)
			at org.neo4j.driver.internal.adaptedbolt.AdaptingDriverResponseHandler.onError(AdaptingDriverResponseHandler.java:68)
			at org.neo4j.bolt.connection.pooled.impl.PooledBoltConnection$PooledResponseHandler.onError(PooledBoltConnection.java:204)
			at org.neo4j.bolt.connection.netty.impl.BoltConnectionImpl$ResponseHandleImpl.lambda$onError$1(BoltConnectionImpl.java:676)
			at org.neo4j.bolt.connection.netty.impl.BoltConnectionImpl$ResponseHandleImpl.runIgnoringError(BoltConnectionImpl.java:808)
			at org.neo4j.bolt.connection.netty.impl.BoltConnectionImpl$ResponseHandleImpl.onError(BoltConnectionImpl.java:676)
			at org.neo4j.bolt.connection.netty.impl.BoltConnectionImpl$5.onError(BoltConnectionImpl.java:364)
			at org.neo4j.bolt.connection.netty.impl.messaging.v4.BoltProtocolV4$2.onError(BoltProtocolV4.java:205)
			at org.neo4j.bolt.connection.netty.impl.handlers.PullResponseHandlerImpl.onFailure(PullResponseHandlerImpl.java:46)
			at org.neo4j.bolt.connection.netty.impl.async.inbound.InboundMessageDispatcher.handleFailureMessage(InboundMessageDispatcher.java:108)
			at org.neo4j.bolt.connection.netty.impl.messaging.v57.MessageReaderV57.unpackFailureMessage(MessageReaderV57.java:46)
			at org.neo4j.bolt.connection.netty.impl.messaging.common.CommonMessageReader.read(CommonMessageReader.java:53)
			at org.neo4j.bolt.connection.netty.impl.async.inbound.InboundMessageHandler.channelRead0(InboundMessageHandler.java:81)
			at org.neo4j.bolt.connection.netty.impl.async.inbound.InboundMessageHandler.channelRead0(InboundMessageHandler.java:34)
			at io.netty.channel.SimpleChannelInboundHandler.channelRead(SimpleChannelInboundHandler.java:99)
			at io.netty.channel.AbstractChannelHandlerContext.fireChannelRead(AbstractChannelHandlerContext.java:356)
			at io.netty.handler.codec.ByteToMessageDecoder.fireChannelRead(ByteToMessageDecoder.java:346)
			at io.netty.handler.codec.ByteToMessageDecoder.channelRead(ByteToMessageDecoder.java:318)
			at org.neo4j.bolt.connection.netty.impl.async.inbound.MessageDecoder.channelRead(MessageDecoder.java:40)
			at io.netty.channel.AbstractChannelHandlerContext.fireChannelRead(AbstractChannelHandlerContext.java:356)
			at io.netty.handler.codec.ByteToMessageDecoder.fireChannelRead(ByteToMessageDecoder.java:346)
			at io.netty.handler.codec.ByteToMessageDecoder.channelRead(ByteToMessageDecoder.java:318)
			at io.netty.channel.AbstractChannelHandlerContext.fireChannelRead(AbstractChannelHandlerContext.java:356)
			at io.netty.handler.timeout.IdleStateHandler.channelRead(IdleStateHandler.java:293)
			at io.netty.channel.AbstractChannelHandlerContext.fireChannelRead(AbstractChannelHandlerContext.java:354)
			at io.netty.channel.DefaultChannelPipeline$HeadContext.channelRead(DefaultChannelPipeline.java:1429)
			at io.netty.channel.DefaultChannelPipeline.fireChannelRead(DefaultChannelPipeline.java:918)
			at io.netty.channel.nio.AbstractNioByteChannel$NioByteUnsafe.read(AbstractNioByteChannel.java:167)
			at io.netty.channel.nio.AbstractNioChannel$AbstractNioUnsafe.handle(AbstractNioChannel.java:445)
			at io.netty.channel.nio.NioIoHandler$DefaultNioRegistration.handle(NioIoHandler.java:381)
			at io.netty.channel.nio.NioIoHandler.processSelectedKey(NioIoHandler.java:587)
			at io.netty.channel.nio.NioIoHandler.processSelectedKeysOptimized(NioIoHandler.java:562)
			at io.netty.channel.nio.NioIoHandler.processSelectedKeys(NioIoHandler.java:503)
			at io.netty.channel.nio.NioIoHandler.run(NioIoHandler.java:475)
			at io.netty.channel.SingleThreadIoEventLoop.runIo(SingleThreadIoEventLoop.java:225)
			at io.netty.channel.SingleThreadIoEventLoop.run(SingleThreadIoEventLoop.java:196)
			at io.netty.util.concurrent.SingleThreadEventExecutor$5.run(SingleThreadEventExecutor.java:1193)
			at io.netty.util.internal.ThreadExecutorMap$2.run(ThreadExecutorMap.java:74)
			at io.netty.util.concurrent.FastThreadLocalRunnable.run(FastThreadLocalRunnable.java:30)
			at java.base/java.lang.Thread.run(Thread.java:1583)
	Caused by: org.neo4j.driver.exceptions.Neo4jException: 53U00: Execution of the function example.ipBelongsToNetwork() failed due to java.lang.RuntimeException: Invalid IP or network format: Invalid network format..
		at org.neo4j.driver.internal.adaptedbolt.ErrorMapper.mapGqlCause(ErrorMapper.java:179)
		at java.base/java.util.Optional.map(Optional.java:260)
		at org.neo4j.driver.internal.adaptedbolt.ErrorMapper.mapBoltFailureException(ErrorMapper.java:122)
		at org.neo4j.driver.internal.adaptedbolt.ErrorMapper.map(ErrorMapper.java:81)
		at org.neo4j.driver.internal.adaptedbolt.AdaptingDriverResponseHandler.onError(AdaptingDriverResponseHandler.java:68)
		at org.neo4j.bolt.connection.pooled.impl.PooledBoltConnection$PooledResponseHandler.onError(PooledBoltConnection.java:204)
		at org.neo4j.bolt.connection.netty.impl.BoltConnectionImpl$ResponseHandleImpl.lambda$onError$1(BoltConnectionImpl.java:676)
		at org.neo4j.bolt.connection.netty.impl.BoltConnectionImpl$ResponseHandleImpl.runIgnoringError(BoltConnectionImpl.java:808)
		at org.neo4j.bolt.connection.netty.impl.BoltConnectionImpl$ResponseHandleImpl.onError(BoltConnectionImpl.java:676)
		at org.neo4j.bolt.connection.netty.impl.BoltConnectionImpl$5.onError(BoltConnectionImpl.java:364)
		at org.neo4j.bolt.connection.netty.impl.messaging.v4.BoltProtocolV4$2.onError(BoltProtocolV4.java:205)
		at org.neo4j.bolt.connection.netty.impl.handlers.PullResponseHandlerImpl.onFailure(PullResponseHandlerImpl.java:46)
		at org.neo4j.bolt.connection.netty.impl.async.inbound.InboundMessageDispatcher.handleFailureMessage(InboundMessageDispatcher.java:108)
		at org.neo4j.bolt.connection.netty.impl.messaging.v57.MessageReaderV57.unpackFailureMessage(MessageReaderV57.java:46)
		at org.neo4j.bolt.connection.netty.impl.messaging.common.CommonMessageReader.read(CommonMessageReader.java:53)
		at org.neo4j.bolt.connection.netty.impl.async.inbound.InboundMessageHandler.channelRead0(InboundMessageHandler.java:81)
		at org.neo4j.bolt.connection.netty.impl.async.inbound.InboundMessageHandler.channelRead0(InboundMessageHandler.java:34)
		at io.netty.channel.SimpleChannelInboundHandler.channelRead(SimpleChannelInboundHandler.java:99)
		at io.netty.channel.AbstractChannelHandlerContext.fireChannelRead(AbstractChannelHandlerContext.java:356)
		at io.netty.handler.codec.ByteToMessageDecoder.fireChannelRead(ByteToMessageDecoder.java:346)
		at io.netty.handler.codec.ByteToMessageDecoder.channelRead(ByteToMessageDecoder.java:318)
		at org.neo4j.bolt.connection.netty.impl.async.inbound.MessageDecoder.channelRead(MessageDecoder.java:40)
		at io.netty.channel.AbstractChannelHandlerContext.fireChannelRead(AbstractChannelHandlerContext.java:356)
		at io.netty.handler.codec.ByteToMessageDecoder.fireChannelRead(ByteToMessageDecoder.java:346)
		at io.netty.handler.codec.ByteToMessageDecoder.channelRead(ByteToMessageDecoder.java:318)
		at io.netty.channel.AbstractChannelHandlerContext.fireChannelRead(AbstractChannelHandlerContext.java:356)
		at io.netty.handler.timeout.IdleStateHandler.channelRead(IdleStateHandler.java:293)
		at io.netty.channel.AbstractChannelHandlerContext.fireChannelRead(AbstractChannelHandlerContext.java:354)
		at io.netty.channel.DefaultChannelPipeline$HeadContext.channelRead(DefaultChannelPipeline.java:1429)
		at io.netty.channel.DefaultChannelPipeline.fireChannelRead(DefaultChannelPipeline.java:918)
		at io.netty.channel.nio.AbstractNioByteChannel$NioByteUnsafe.read(AbstractNioByteChannel.java:167)
		at io.netty.channel.nio.AbstractNioChannel$AbstractNioUnsafe.handle(AbstractNioChannel.java:445)
		at io.netty.channel.nio.NioIoHandler$DefaultNioRegistration.handle(NioIoHandler.java:381)
		at io.netty.channel.nio.NioIoHandler.processSelectedKey(NioIoHandler.java:587)
		at io.netty.channel.nio.NioIoHandler.processSelectedKeysOptimized(NioIoHandler.java:562)
		at io.netty.channel.nio.NioIoHandler.processSelectedKeys(NioIoHandler.java:503)
		at io.netty.channel.nio.NioIoHandler.run(NioIoHandler.java:475)
		at io.netty.channel.SingleThreadIoEventLoop.runIo(SingleThreadIoEventLoop.java:225)
		at io.netty.channel.SingleThreadIoEventLoop.run(SingleThreadIoEventLoop.java:196)
		at io.netty.util.concurrent.SingleThreadEventExecutor$5.run(SingleThreadEventExecutor.java:1193)
		at io.netty.util.internal.ThreadExecutorMap$2.run(ThreadExecutorMap.java:74)
		at io.netty.util.concurrent.FastThreadLocalRunnable.run(FastThreadLocalRunnable.java:30)
		at java.base/java.lang.Thread.run(Thread.java:1583)

example.NetworkUtilsTest.testInvalidNetwork(String, String)[2] -- Time elapsed: 0.012 s <<< FAILURE!
java.lang.AssertionError: 

Expecting code to raise a throwable.
	at example.NetworkUtilsTest.testInvalidNetwork(NetworkUtilsTest.java:109)
	Suppressed: org.neo4j.driver.exceptions.ClientException: Failed to invoke function `example.ipBelongsToNetwork`: Caused by: java.lang.RuntimeException: Invalid IP or network format: Invalid prefix length.
		at org.neo4j.driver.internal.util.Futures.blockingGet(Futures.java:63)
		at org.neo4j.driver.internal.InternalSession.lambda$close$3(InternalSession.java:90)
		at org.neo4j.driver.internal.observation.util.ObservationUtil.observe(ObservationUtil.java:40)
		at org.neo4j.driver.internal.InternalSession.close(InternalSession.java:88)
		at example.NetworkUtilsTest.closeSession(NetworkUtilsTest.java:49)
		Suppressed: org.neo4j.driver.internal.util.ErrorUtil$InternalExceptionCause
			at org.neo4j.driver.internal.adaptedbolt.ErrorMapper.mapToNeo4jException(ErrorMapper.java:224)
			at org.neo4j.driver.internal.adaptedbolt.ErrorMapper.mapBoltFailureException(ErrorMapper.java:141)
			at org.neo4j.driver.internal.adaptedbolt.ErrorMapper.map(ErrorMapper.java:81)
			at org.neo4j.driver.internal.adaptedbolt.AdaptingDriverResponseHandler.onError(AdaptingDriverResponseHandler.java:68)
			at org.neo4j.bolt.connection.pooled.impl.PooledBoltConnection$PooledResponseHandler.onError(PooledBoltConnection.java:204)
			at org.neo4j.bolt.connection.netty.impl.BoltConnectionImpl$ResponseHandleImpl.lambda$onError$1(BoltConnectionImpl.java:676)
			at org.neo4j.bolt.connection.netty.impl.BoltConnectionImpl$ResponseHandleImpl.runIgnoringError(BoltConnectionImpl.java:808)
			at org.neo4j.bolt.connection.netty.impl.BoltConnectionImpl$ResponseHandleImpl.onError(BoltConnectionImpl.java:676)
[...]
		at io.netty.channel.nio.NioIoHandler.processSelectedKeys(NioIoHandler.java:503)
		at io.netty.channel.nio.NioIoHandler.run(NioIoHandler.java:475)
		at io.netty.channel.SingleThreadIoEventLoop.runIo(SingleThreadIoEventLoop.java:225)
		at io.netty.channel.SingleThreadIoEventLoop.run(SingleThreadIoEventLoop.java:196)
		at io.netty.util.concurrent.SingleThreadEventExecutor$5.run(SingleThreadEventExecutor.java:1193)
		at io.netty.util.internal.ThreadExecutorMap$2.run(ThreadExecutorMap.java:74)
		at io.netty.util.concurrent.FastThreadLocalRunnable.run(FastThreadLocalRunnable.java:30)
		at java.base/java.lang.Thread.run(Thread.java:1583)

example.NetworkUtilsTest.testHostnameInsteadOfIp -- Time elapsed: 0.222 s <<< FAILURE!
java.lang.AssertionError: 

Expecting code to raise a throwable.
	at example.NetworkUtilsTest.testHostnameInsteadOfIp(NetworkUtilsTest.java:196)

example.NetworkUtilsTest.testIpBelongsToNetwork(String, String, boolean)[9] -- Time elapsed: 0.231 s <<< ERROR!
org.neo4j.driver.exceptions.ClientException: Failed to invoke function `example.ipBelongsToNetwork`: Caused by: java.lang.RuntimeException: Invalid IP or network format: Invalid network format.
	at org.neo4j.driver.internal.util.Futures.blockingGet(Futures.java:63)
	at org.neo4j.driver.internal.InternalResult.blockingGet(InternalResult.java:116)
	at org.neo4j.driver.internal.InternalResult.single(InternalResult.java:65)
	at example.NetworkUtilsTest.testIpBelongsToNetwork(NetworkUtilsTest.java:76)
	Suppressed: org.neo4j.driver.internal.util.ErrorUtil$InternalExceptionCause
		at org.neo4j.driver.internal.adaptedbolt.ErrorMapper.mapToNeo4jException(ErrorMapper.java:224)
		at org.neo4j.driver.internal.adaptedbolt.ErrorMapper.mapBoltFailureException(ErrorMapper.java:141)
		at org.neo4j.driver.internal.adaptedbolt.ErrorMapper.map(ErrorMapper.java:81)
		at org.neo4j.driver.internal.adaptedbolt.AdaptingDriverResponseHandler.onError(AdaptingDriverResponseHandler.java:68)
		at org.neo4j.bolt.connection.pooled.impl.PooledBoltConnection$PooledResponseHandler.onError(PooledBoltConnection.java:204)
		at org.neo4j.bolt.connection.netty.impl.BoltConnectionImpl$ResponseHandleImpl.lambda$onError$1(BoltConnectionImpl.java:676)
		at org.neo4j.bolt.connection.netty.impl.BoltConnectionImpl$ResponseHandleImpl.runIgnoringError(BoltConnectionImpl.java:808)
		at org.neo4j.bolt.connection.netty.impl.BoltConnectionImpl$ResponseHandleImpl.onError(BoltConnectionImpl.java:676)
		at org.neo4j.bolt.connection.netty.impl.BoltConnectionImpl$5.onError(BoltConnectionImpl.java:364)
		at org.neo4j.bolt.connection.netty.impl.messaging.v4.BoltProtocolV4$2.onError(BoltProtocolV4.java:205)
		at org.neo4j.bolt.connection.netty.impl.handlers.PullResponseHandlerImpl.onFailure(PullResponseHandlerImpl.java:46)
		at org.neo4j.bolt.connection.netty.impl.async.inbound.InboundMessageDispatcher.handleFailureMessage(InboundMessageDispatcher.java:108)
		at org.neo4j.bolt.connection.netty.impl.messaging.v57.MessageReaderV57.unpackFailureMessage(MessageReaderV57.java:46)
		at org.neo4j.bolt.connection.netty.impl.messaging.common.CommonMessageReader.read(CommonMessageReader.java:53)
		at org.neo4j.bolt.connection.netty.impl.async.inbound.InboundMessageHandler.channelRead0(InboundMessageHandler.java:81)
		at org.neo4j.bolt.connection.netty.impl.async.inbound.InboundMessageHandler.channelRead0(InboundMessageHandler.java:34)
		at io.netty.channel.SimpleChannelInboundHandler.channelRead(SimpleChannelInboundHandler.java:99)
		at io.netty.channel.AbstractChannelHandlerContext.fireChannelRead(AbstractChannelHandlerContext.java:356)
		at io.netty.handler.codec.ByteToMessageDecoder.fireChannelRead(ByteToMessageDecoder.java:346)
		at io.netty.handler.codec.ByteToMessageDecoder.channelRead(ByteToMessageDecoder.java:318)
		at org.neo4j.bolt.connection.netty.impl.async.inbound.MessageDecoder.channelRead(MessageDecoder.java:40)
		at io.netty.channel.AbstractChannelHandlerContext.fireChannelRead(AbstractChannelHandlerContext.java:356)
		at io.netty.handler.codec.ByteToMessageDecoder.fireChannelRead(ByteToMessageDecoder.java:346)
		at io.netty.handler.codec.ByteToMessageDecoder.channelRead(ByteToMessageDecoder.java:318)
		at io.netty.channel.AbstractChannelHandlerContext.fireChannelRead(AbstractChannelHandlerContext.java:356)
		at io.netty.handler.timeout.IdleStateHandler.channelRead(IdleStateHandler.java:293)
		at io.netty.channel.AbstractChannelHandlerContext.fireChannelRead(AbstractChannelHandlerContext.java:354)
		at io.netty.channel.DefaultChannelPipeline$HeadContext.channelRead(DefaultChannelPipeline.java:1429)
		at io.netty.channel.DefaultChannelPipeline.fireChannelRead(DefaultChannelPipeline.java:918)
		at io.netty.channel.nio.AbstractNioByteChannel$NioByteUnsafe.read(AbstractNioByteChannel.java:167)
		at io.netty.channel.nio.AbstractNioChannel$AbstractNioUnsafe.handle(AbstractNioChannel.java:445)
		at io.netty.channel.nio.NioIoHandler$DefaultNioRegistration.handle(NioIoHandler.java:381)
		at io.netty.channel.nio.NioIoHandler.processSelectedKey(NioIoHandler.java:587)
		at io.netty.channel.nio.NioIoHandler.processSelectedKeysOptimized(NioIoHandler.java:562)
		at io.netty.channel.nio.NioIoHandler.processSelectedKeys(NioIoHandler.java:503)
		at io.netty.channel.nio.NioIoHandler.run(NioIoHandler.java:475)
		at io.netty.channel.SingleThreadIoEventLoop.runIo(SingleThreadIoEventLoop.java:225)
		at io.netty.channel.SingleThreadIoEventLoop.run(SingleThreadIoEventLoop.java:196)
		at io.netty.util.concurrent.SingleThreadEventExecutor$5.run(SingleThreadEventExecutor.java:1193)
		at io.netty.util.internal.ThreadExecutorMap$2.run(ThreadExecutorMap.java:74)
		at io.netty.util.concurrent.FastThreadLocalRunnable.run(FastThreadLocalRunnable.java:30)
		at java.base/java.lang.Thread.run(Thread.java:1583)
Caused by: org.neo4j.driver.exceptions.Neo4jException: 53U00: Execution of the function example.ipBelongsToNetwork() failed due to java.lang.RuntimeException: Invalid IP or network format: Invalid network format..
	at org.neo4j.driver.internal.adaptedbolt.ErrorMapper.mapGqlCause(ErrorMapper.java:179)
	at java.base/java.util.Optional.map(Optional.java:260)
	at org.neo4j.driver.internal.adaptedbolt.ErrorMapper.mapBoltFailureException(ErrorMapper.java:122)
	at org.neo4j.driver.internal.adaptedbolt.ErrorMapper.map(ErrorMapper.java:81)
	at org.neo4j.driver.internal.adaptedbolt.AdaptingDriverResponseHandler.onError(AdaptingDriverResponseHandler.java:68)
	at org.neo4j.bolt.connection.pooled.impl.PooledBoltConnection$PooledResponseHandler.onError(PooledBoltConnection.java:204)
	at org.neo4j.bolt.connection.netty.impl.BoltConnectionImpl$ResponseHandleImpl.lambda$onError$1(BoltConnectionImpl.java:676)
	at org.neo4j.bolt.connection.netty.impl.BoltConnectionImpl$ResponseHandleImpl.runIgnoringError(BoltConnectionImpl.java:808)
	at org.neo4j.bolt.connection.netty.impl.BoltConnectionImpl$ResponseHandleImpl.onError(BoltConnectionImpl.java:676)
	at org.neo4j.bolt.connection.netty.impl.BoltConnectionImpl$5.onError(BoltConnectionImpl.java:364)
	at org.neo4j.bolt.connection.netty.impl.messaging.v4.BoltProtocolV4$2.onError(BoltProtocolV4.java:205)
	at org.neo4j.bolt.connection.netty.impl.handlers.PullResponseHandlerImpl.onFailure(PullResponseHandlerImpl.java:46)
	at org.neo4j.bolt.connection.netty.impl.async.inbound.InboundMessageDispatcher.handleFailureMessage(InboundMessageDispatcher.java:108)
	at org.neo4j.bolt.connection.netty.impl.messaging.v57.MessageReaderV57.unpackFailureMessage(MessageReaderV57.java:46)
	at org.neo4j.bolt.connection.netty.impl.messaging.common.CommonMessageReader.read(CommonMessageReader.java:53)
	at org.neo4j.bolt.connection.netty.impl.async.inbound.InboundMessageHandler.channelRead0(InboundMessageHandler.java:81)
	at org.neo4j.bolt.connection.netty.impl.async.inbound.InboundMessageHandler.channelRead0(InboundMessageHandler.java:34)
	at io.netty.channel.SimpleChannelInboundHandler.channelRead(SimpleChannelInboundHandler.java:99)
	at io.netty.channel.AbstractChannelHandlerContext.fireChannelRead(AbstractChannelHandlerContext.java:356)
	at io.netty.handler.codec.ByteToMessageDecoder.fireChannelRead(ByteToMessageDecoder.java:346)
	at io.netty.handler.codec.ByteToMessageDecoder.channelRead(ByteToMessageDecoder.java:318)
	at org.neo4j.bolt.connection.netty.impl.async.inbound.MessageDecoder.channelRead(MessageDecoder.java:40)
	at io.netty.channel.AbstractChannelHandlerContext.fireChannelRead(AbstractChannelHandlerContext.java:356)
	at io.netty.handler.codec.ByteToMessageDecoder.fireChannelRead(ByteToMessageDecoder.java:346)
	at io.netty.handler.codec.ByteToMessageDecoder.channelRead(ByteToMessageDecoder.java:318)
	at io.netty.channel.AbstractChannelHandlerContext.fireChannelRead(AbstractChannelHandlerContext.java:356)
	at io.netty.handler.timeout.IdleStateHandler.channelRead(IdleStateHandler.java:293)
	at io.netty.channel.AbstractChannelHandlerContext.fireChannelRead(AbstractChannelHandlerContext.java:354)
	at io.netty.channel.DefaultChannelPipeline$HeadContext.channelRead(DefaultChannelPipeline.java:1429)
	at io.netty.channel.DefaultChannelPipeline.fireChannelRead(DefaultChannelPipeline.java:918)
	at io.netty.channel.nio.AbstractNioByteChannel$NioByteUnsafe.read(AbstractNioByteChannel.java:167)
	at io.netty.channel.nio.AbstractNioChannel$AbstractNioUnsafe.handle(AbstractNioChannel.java:445)
	at io.netty.channel.nio.NioIoHandler$DefaultNioRegistration.handle(NioIoHandler.java:381)
	at io.netty.channel.nio.NioIoHandler.processSelectedKey(NioIoHandler.java:587)
	at io.netty.channel.nio.NioIoHandler.processSelectedKeysOptimized(NioIoHandler.java:562)
	at io.netty.channel.nio.NioIoHandler.processSelectedKeys(NioIoHandler.java:503)
	at io.netty.channel.nio.NioIoHandler.run(NioIoHandler.java:475)
	at io.netty.channel.SingleThreadIoEventLoop.runIo(SingleThreadIoEventLoop.java:225)
	at io.netty.channel.SingleThreadIoEventLoop.run(SingleThreadIoEventLoop.java:196)
	at io.netty.util.concurrent.SingleThreadEventExecutor$5.run(SingleThreadEventExecutor.java:1193)
	at io.netty.util.internal.ThreadExecutorMap$2.run(ThreadExecutorMap.java:74)
	at io.netty.util.concurrent.FastThreadLocalRunnable.run(FastThreadLocalRunnable.java:30)
	at java.base/java.lang.Thread.run(Thread.java:1583)

example.NetworkUtilsTest.testNullIp -- Time elapsed: 0.043 s <<< FAILURE!
java.lang.AssertionError: 

Expecting code to raise a throwable.
	at example.NetworkUtilsTest.testNullIp(NetworkUtilsTest.java:136)
	Suppressed: org.neo4j.driver.exceptions.ClientException: Failed to invoke function `example.ipBelongsToNetwork`: Caused by: java.lang.RuntimeException: Invalid IP or network format: IP and network must not be null or empty.
		at org.neo4j.driver.internal.util.Futures.blockingGet(Futures.java:63)
		at org.neo4j.driver.internal.InternalSession.lambda$close$3(InternalSession.java:90)
		at org.neo4j.driver.internal.observation.util.ObservationUtil.observe(ObservationUtil.java:40)
		at org.neo4j.driver.internal.InternalSession.close(InternalSession.java:88)
		at example.NetworkUtilsTest.closeSession(NetworkUtilsTest.java:49)
		Suppressed: org.neo4j.driver.internal.util.ErrorUtil$InternalExceptionCause
			at org.neo4j.driver.internal.adaptedbolt.ErrorMapper.mapToNeo4jException(ErrorMapper.java:224)
			at org.neo4j.driver.internal.adaptedbolt.ErrorMapper.mapBoltFailureException(ErrorMapper.java:141)
			at org.neo4j.driver.internal.adaptedbolt.ErrorMapper.map(ErrorMapper.java:81)
			at org.neo4j.driver.internal.adaptedbolt.AdaptingDriverResponseHandler.onError(AdaptingDriverResponseHandler.java:68)
			at org.neo4j.bolt.connection.pooled.impl.PooledBoltConnection$PooledResponseHandler.onError(PooledBoltConnection.java:204)
			at org.neo4j.bolt.connection.netty.impl.BoltConnectionImpl$ResponseHandleImpl.lambda$onError$1(BoltConnectionImpl.java:676)
			at org.neo4j.bolt.connection.netty.impl.BoltConnectionImpl$ResponseHandleImpl.runIgnoringError(BoltConnectionImpl.java:808)
			at org.neo4j.bolt.connection.netty.impl.BoltConnectionImpl$ResponseHandleImpl.onError(BoltConnectionImpl.java:676)
			at org.neo4j.bolt.connection.netty.impl.BoltConnectionImpl$5.onError(BoltConnectionImpl.java:364)
			at org.neo4j.bolt.connection.netty.impl.messaging.v4.BoltProtocolV4$2.onError(BoltProtocolV4.java:205)
			at org.neo4j.bolt.connection.netty.impl.handlers.PullResponseHandlerImpl.onFailure(PullResponseHandlerImpl.java:46)
			at org.neo4j.bolt.connection.netty.impl.async.inbound.InboundMessageDispatcher.handleFailureMessage(InboundMessageDispatcher.java:108)
			at org.neo4j.bolt.connection.netty.impl.messaging.v57.MessageReaderV57.unpackFailureMessage(MessageReaderV57.java:46)
			at org.neo4j.bolt.connection.netty.impl.messaging.common.CommonMessageReader.read(CommonMessageReader.java:53)
			at org.neo4j.bolt.connection.netty.impl.async.inbound.InboundMessageHandler.channelRead0(InboundMessageHandler.java:81)
			at org.neo4j.bolt.connection.netty.impl.async.inbound.InboundMessageHandler.channelRead0(InboundMessageHandler.java:34)
			at io.netty.channel.SimpleChannelInboundHandler.channelRead(SimpleChannelInboundHandler.java:99)
			at io.netty.channel.AbstractChannelHandlerContext.fireChannelRead(AbstractChannelHandlerContext.java:356)
			at io.netty.handler.codec.ByteToMessageDecoder.fireChannelRead(ByteToMessageDecoder.java:346)
			at io.netty.handler.codec.ByteToMessageDecoder.channelRead(ByteToMessageDecoder.java:318)
			at org.neo4j.bolt.connection.netty.impl.async.inbound.MessageDecoder.channelRead(MessageDecoder.java:40)
			at io.netty.channel.AbstractChannelHandlerContext.fireChannelRead(AbstractChannelHandlerContext.java:356)
			at io.netty.handler.codec.ByteToMessageDecoder.fireChannelRead(ByteToMessageDecoder.java:346)
			at io.netty.handler.codec.ByteToMessageDecoder.channelRead(ByteToMessageDecoder.java:318)
			at io.netty.channel.AbstractChannelHandlerContext.fireChannelRead(AbstractChannelHandlerContext.java:356)
			at io.netty.handler.timeout.IdleStateHandler.channelRead(IdleStateHandler.java:293)
			at io.netty.channel.AbstractChannelHandlerContext.fireChannelRead(AbstractChannelHandlerContext.java:354)
			at io.netty.channel.DefaultChannelPipeline$HeadContext.channelRead(DefaultChannelPipeline.java:1429)
			at io.netty.channel.DefaultChannelPipeline.fireChannelRead(DefaultChannelPipeline.java:918)
			at io.netty.channel.nio.AbstractNioByteChannel$NioByteUnsafe.read(AbstractNioByteChannel.java:167)
			at io.netty.channel.nio.AbstractNioChannel$AbstractNioUnsafe.handle(AbstractNioChannel.java:445)
			at io.netty.channel.nio.NioIoHandler$DefaultNioRegistration.handle(NioIoHandler.java:381)
			at io.netty.channel.nio.NioIoHandler.processSelectedKey(NioIoHandler.java:587)
			at io.netty.channel.nio.NioIoHandler.processSelectedKeysOptimized(NioIoHandler.java:562)
			at io.netty.channel.nio.NioIoHandler.processSelectedKeys(NioIoHandler.java:503)
			at io.netty.channel.nio.NioIoHandler.run(NioIoHandler.java:475)
			at io.netty.channel.SingleThreadIoEventLoop.runIo(SingleThreadIoEventLoop.java:225)
			at io.netty.channel.SingleThreadIoEventLoop.run(SingleThreadIoEventLoop.java:196)
			at io.netty.util.concurrent.SingleThreadEventExecutor$5.run(SingleThreadEventExecutor.java:1193)
			at io.netty.util.internal.ThreadExecutorMap$2.run(ThreadExecutorMap.java:74)
			at io.netty.util.concurrent.FastThreadLocalRunnable.run(FastThreadLocalRunnable.java:30)
			at java.base/java.lang.Thread.run(Thread.java:1583)
	Caused by: org.neo4j.driver.exceptions.Neo4jException: 53U00: Execution of the function example.ipBelongsToNetwork() failed due to java.lang.RuntimeException: Invalid IP or network format: IP and network must not be null or empty..
		at org.neo4j.driver.internal.adaptedbolt.ErrorMapper.mapGqlCause(ErrorMapper.java:179)
		at java.base/java.util.Optional.map(Optional.java:260)
		at org.neo4j.driver.internal.adaptedbolt.ErrorMapper.mapBoltFailureException(ErrorMapper.java:122)
		at org.neo4j.driver.internal.adaptedbolt.ErrorMapper.map(ErrorMapper.java:81)
		at org.neo4j.driver.internal.adaptedbolt.AdaptingDriverResponseHandler.onError(AdaptingDriverResponseHandler.java:68)
		at org.neo4j.bolt.connection.pooled.impl.PooledBoltConnection$PooledResponseHandler.onError(PooledBoltConnection.java:204)
		at org.neo4j.bolt.connection.netty.impl.BoltConnectionImpl$ResponseHandleImpl.lambda$onError$1(BoltConnectionImpl.java:676)
		at org.neo4j.bolt.connection.netty.impl.BoltConnectionImpl$ResponseHandleImpl.runIgnoringError(BoltConnectionImpl.java:808)
		at org.neo4j.bolt.connection.netty.impl.BoltConnectionImpl$ResponseHandleImpl.onError(BoltConnectionImpl.java:676)
		at org.neo4j.bolt.connection.netty.impl.BoltConnectionImpl$5.onError(BoltConnectionImpl.java:364)
		at org.neo4j.bolt.connection.netty.impl.messaging.v4.BoltProtocolV4$2.onError(BoltProtocolV4.java:205)
		at org.neo4j.bolt.connection.netty.impl.handlers.PullResponseHandlerImpl.onFailure(PullResponseHandlerImpl.java:46)
		at org.neo4j.bolt.connection.netty.impl.async.inbound.InboundMessageDispatcher.handleFailureMessage(InboundMessageDispatcher.java:108)
		at org.neo4j.bolt.connection.netty.impl.messaging.v57.MessageReaderV57.unpackFailureMessage(MessageReaderV57.java:46)
		at org.neo4j.bolt.connection.netty.impl.messaging.common.CommonMessageReader.read(CommonMessageReader.java:53)
		at org.neo4j.bolt.connection.netty.impl.async.inbound.InboundMessageHandler.channelRead0(InboundMessageHandler.java:81)
		at org.neo4j.bolt.connection.netty.impl.async.inbound.InboundMessageHandler.channelRead0(InboundMessageHandler.java:34)
		at io.netty.channel.SimpleChannelInboundHandler.channelRead(SimpleChannelInboundHandler.java:99)
		at io.netty.channel.AbstractChannelHandlerContext.fireChannelRead(AbstractChannelHandlerContext.java:356)
		at io.netty.handler.codec.ByteToMessageDecoder.fireChannelRead(ByteToMessageDecoder.java:346)
		at io.netty.handler.codec.ByteToMessageDecoder.channelRead(ByteToMessageDecoder.java:318)
		at org.neo4j.bolt.connection.netty.impl.async.inbound.MessageDecoder.channelRead(MessageDecoder.java:40)
		at io.netty.channel.AbstractChannelHandlerContext.fireChannelRead(AbstractChannelHandlerContext.java:356)
		at io.netty.handler.codec.ByteToMessageDecoder.fireChannelRead(ByteToMessageDecoder.java:346)
		at io.netty.handler.codec.ByteToMessageDecoder.channelRead(ByteToMessageDecoder.java:318)
		at io.netty.channel.AbstractChannelHandlerContext.fireChannelRead(AbstractChannelHandlerContext.java:356)
		at io.netty.handler.timeout.IdleStateHandler.channelRead(IdleStateHandler.java:293)
		at io.netty.channel.AbstractChannelHandlerContext.fireChannelRead(AbstractChannelHandlerContext.java:354)
		at io.netty.channel.DefaultChannelPipeline$HeadContext.channelRead(DefaultChannelPipeline.java:1429)
		at io.netty.channel.DefaultChannelPipeline.fireChannelRead(DefaultChannelPipeline.java:918)
		at io.netty.channel.nio.AbstractNioByteChannel$NioByteUnsafe.read(AbstractNioByteChannel.java:167)
		at io.netty.channel.nio.AbstractNioChannel$AbstractNioUnsafe.handle(AbstractNioChannel.java:445)
		at io.netty.channel.nio.NioIoHandler$DefaultNioRegistration.handle(NioIoHandler.java:381)
		at io.netty.channel.nio.NioIoHandler.processSelectedKey(NioIoHandler.java:587)
		at io.netty.channel.nio.NioIoHandler.processSelectedKeysOptimized(NioIoHandler.java:562)
		at io.netty.channel.nio.NioIoHandler.processSelectedKeys(NioIoHandler.java:503)
		at io.netty.channel.nio.NioIoHandler.run(NioIoHandler.java:475)
		at io.netty.channel.SingleThreadIoEventLoop.runIo(SingleThreadIoEventLoop.java:225)
		at io.netty.channel.SingleThreadIoEventLoop.run(SingleThreadIoEventLoop.java:196)
		at io.netty.util.concurrent.SingleThreadEventExecutor$5.run(SingleThreadEventExecutor.java:1193)
		at io.netty.util.internal.ThreadExecutorMap$2.run(ThreadExecutorMap.java:74)
		at io.netty.util.concurrent.FastThreadLocalRunnable.run(FastThreadLocalRunnable.java:30)
		at java.base/java.lang.Thread.run(Thread.java:1583)

