<?xml version="1.0" encoding="UTF-8"?>
<testsuite xmlns:xsi="http://www.w3.org/2001/XMLSchema-instance" xsi:noNamespaceSchemaLocation="https://maven.apache.org/surefire/maven-surefire-plugin/xsd/surefire-test-report.xsd" version="3.0.2" name="example.NetworkUtilsTest" time="23.066" tests="31" errors="1" skipped="0" failures="2">
  <properties>
[...]
</properties>
  <testcase name="testEmptyIp" classname="NetworkUtils IP CIDR Check Tests" time="0.979">
    <system-err><![CDATA[Nov 12, 2025 11:20:55 AM org.neo4j.driver.internal.logging.SystemLogger info
INFO: Driver instance 165851545 created for server uri 'bolt://127.0.0.1:62836/'
Nov 12, 2025 11:20:55 AM org.neo4j.driver.internal.logging.SystemLogger info
INFO: Closing driver instance 165851545
]]></system-err>
  </testcase>
  <testcase name="testIPv6Address" classname="NetworkUtils IP CIDR Check Tests" time="0.276">
    <failure message="&#10;Expecting throwable message:&#10;  &quot;Cannot coerce NULL to Java boolean&quot;&#10;to contain:&#10;  &quot;Invalid IP or network format&quot;&#10;but did not.&#10;&#10;Throwable that failed the check:&#10;&#10;org.neo4j.driver.exceptions.value.Uncoercible: Cannot coerce NULL to Java boolean&#10;	at org.neo4j.driver.internal.value.ValueAdapter.asBoolean(ValueAdapter.java:137)&#10;	at example.NetworkUtilsTest.lambda$testIPv6Address$7(NetworkUtilsTest.java:195)&#10;	at org.assertj.core.api.ThrowableAssert.catchThrowable(ThrowableAssert.java:63)&#10;	at org.assertj.core.api.AssertionsForClassTypes.catchThrowable(AssertionsForClassTypes.java:905)&#10;	at org.assertj.core.api.Assertions.catchThrowable(Assertions.java:1473)&#10;	at org.assertj.core.api.Assertions.assertThatThrownBy(Assertions.java:1316)&#10;	at example.NetworkUtilsTest.testIPv6Address(NetworkUtilsTest.java:193)&#10;	at java.base/jdk.internal.reflect.DirectMethodHandleAccessor.invoke(DirectMethodHandleAccessor.java:103)&#10;	at java.base/java.lang.reflect.Method.invoke(Method.java:580)&#10;	at org.junit.platform.commons.util.ReflectionUtils.invokeMethod(ReflectionUtils.java:701)&#10;	at org.junit.platform.commons.support.ReflectionSupport.invokeMethod(ReflectionSupport.java:502)&#10;	at org.junit.jupiter.engine.support.MethodReflectionUtils.invoke(MethodReflectionUtils.java:45)&#10;	at org.junit.jupiter.engine.execution.MethodInvocation.proceed(MethodInvocation.java:61)&#10;	at org.junit.jupiter.engine.execution.InvocationInterceptorChain$ValidatingInvocation.proceed(InvocationInterceptorChain.java:124)&#10;	at org.junit.jupiter.engine.extension.TimeoutExtension.intercept(TimeoutExtension.java:163)&#10;	at org.junit.jupiter.engine.extension.TimeoutExtension.interceptTestableMethod(TimeoutExtension.java:148)&#10;	at org.junit.jupiter.engine.extension.TimeoutExtension.interceptTestMethod(TimeoutExtension.java:86)&#10;	at org.junit.jupiter.engine.execution.InterceptingExecutableInvoker$ReflectiveInterceptorCall.lambda$ofVoidMethod$0(InterceptingExecutableInvoker.java:123)&#10;	at org.junit.jupiter.engine.execution.InterceptingExecutableInvoker.lambda$invoke$0(InterceptingExecutableInvoker.java:105)&#10;	at org.junit.jupiter.engine.execution.InvocationInterceptorChain$InterceptedInvocation.proceed(InvocationInterceptorChain.java:99)&#10;	at org.junit.jupiter.engine.execution.InvocationInterceptorChain.proceed(InvocationInterceptorChain.java:66)&#10;	at org.junit.jupiter.engine.execution.InvocationInterceptorChain.chainAndInvoke(InvocationInterceptorChain.java:47)&#10;	at org.junit.jupiter.engine.execution.InvocationInterceptorChain.invoke(InvocationInterceptorChain.java:39)&#10;	at org.junit.jupiter.engine.execution.InterceptingExecutableInvoker.invoke(InterceptingExecutableInvoker.java:104)&#10;	at org.junit.jupiter.engine.execution.InterceptingExecutableInvoker.invoke(InterceptingExecutableInvoker.java:98)&#10;	at org.junit.jupiter.engine.execution.InterceptingExecutableInvoker.invokeVoid(InterceptingExecutableInvoker.java:71)&#10;	at org.junit.jupiter.engine.descriptor.TestMethodTestDescriptor.lambda$invokeTestMethod$0(TestMethodTestDescriptor.java:219)&#10;	at org.junit.platform.engine.support.hierarchical.ThrowableCollector.execute(ThrowableCollector.java:74)&#10;	at org.junit.jupiter.engine.descriptor.TestMethodTestDescriptor.invokeTestMethod(TestMethodTestDescriptor.java:215)&#10;	at org.junit.jupiter.engine.descriptor.TestMethodTestDescriptor.execute(TestMethodTestDescriptor.java:157)&#10;	at org.junit.jupiter.engine.descriptor.TestMethodTestDescriptor.execute(TestMethodTestDescriptor.java:70)&#10;	at org.junit.platform.engine.support.hierarchical.NodeTestTask.lambda$executeRecursively$2(NodeTestTask.java:176)&#10;	at org.junit.platform.engine.support.hierarchical.ThrowableCollector.execute(ThrowableCollector.java:74)&#10;	at org.junit.platform.engine.support.hierarchical.NodeTestTask.lambda$executeRecursively$1(NodeTestTask.java:166)&#10;	at org.junit.platform.engine.support.hierarchical.Node.around(Node.java:138)&#10;	at org.junit.platform.engine.support.hierarchical.NodeTestTask.lambda$executeRecursively$0(NodeTestTask.java:164)&#10;	at org.junit.platform.engine.support.hierarchical.ThrowableCollector.execute(ThrowableCollector.java:74)&#10;	at org.junit.platform.engine.support.hierarchical.NodeTestTask.executeRecursively(NodeTestTask.java:163)&#10;	at org.junit.platform.engine.support.hierarchical.NodeTestTask.execute(NodeTestTask.java:116)&#10;	at java.base/java.util.ArrayList.forEach(ArrayList.java:1596)&#10;	at org.junit.platform.engine.support.hierarchical.SameThreadHierarchicalTestExecutorService.invokeAll(SameThreadHierarchicalTestExecutorService.java:42)&#10;	at org.junit.platform.engine.support.hierarchical.NodeTestTask.lambda$executeRecursively$2(NodeTestTask.java:180)&#10;	at org.junit.platform.engine.support.hierarchical.ThrowableCollector.execute(ThrowableCollector.java:74)&#10;	at org.junit.platform.engine.support.hierarchical.NodeTestTask.lambda$executeRecursively$1(NodeTestTask.java:166)&#10;	at org.junit.platform.engine.support.hierarchical.Node.around(Node.java:138)&#10;	at org.junit.platform.engine.support.hierarchical.NodeTestTask.lambda$executeRecursively$0(NodeTestTask.java:164)&#10;	at org.junit.platform.engine.support.hierarchical.ThrowableCollector.execute(ThrowableCollector.java:74)&#10;	at org.junit.platform.engine.support.hierarchical.NodeTestTask.executeRecursively(NodeTestTask.java:163)&#10;	at org.junit.platform.engine.support.hierarchical.NodeTestTask.execute(NodeTestTask.java:116)&#10;	at java.base/java.util.ArrayList.forEach(ArrayList.java:1596)&#10;	at org.junit.platform.engine.support.hierarchical.SameThreadHierarchicalTestExecutorService.invokeAll(SameThreadHierarchicalTestExecutorService.java:42)&#10;	at org.junit.platform.engine.support.hierarchical.NodeTestTask.lambda$executeRecursively$2(NodeTestTask.java:180)&#10;	at org.junit.platform.engine.support.hierarchical.ThrowableCollector.execute(ThrowableCollector.java:74)&#10;	at org.junit.platform.engine.support.hierarchical.NodeTestTask.lambda$executeRecursively$1(NodeTestTask.java:166)&#10;	at org.junit.platform.engine.support.hierarchical.Node.around(Node.java:138)&#10;	at org.junit.platform.engine.support.hierarchical.NodeTestTask.lambda$executeRecursively$0(NodeTestTask.java:164)&#10;	at org.junit.platform.engine.support.hierarchical.ThrowableCollector.execute(ThrowableCollector.java:74)&#10;	at org.junit.platform.engine.support.hierarchical.NodeTestTask.executeRecursively(NodeTestTask.java:163)&#10;	at org.junit.platform.engine.support.hierarchical.NodeTestTask.execute(NodeTestTask.java:116)&#10;	at org.junit.platform.engine.support.hierarchical.SameThreadHierarchicalTestExecutorService.submit(SameThreadHierarchicalTestExecutorService.java:36)&#10;	at org.junit.platform.engine.support.hierarchical.HierarchicalTestExecutor.execute(HierarchicalTestExecutor.java:52)&#10;	at org.junit.platform.engine.support.hierarchical.HierarchicalTestEngine.execute(HierarchicalTestEngine.java:58)&#10;	at org.junit.platform.launcher.core.EngineExecutionOrchestrator.executeEngine(EngineExecutionOrchestrator.java:246)&#10;	at org.junit.platform.launcher.core.EngineExecutionOrchestrator.failOrExecuteEngine(EngineExecutionOrchestrator.java:218)&#10;	at org.junit.platform.launcher.core.EngineExecutionOrchestrator.execute(EngineExecutionOrchestrator.java:179)&#10;	at org.junit.platform.launcher.core.EngineExecutionOrchestrator.execute(EngineExecutionOrchestrator.java:108)&#10;	at org.junit.platform.launcher.core.EngineExecutionOrchestrator.lambda$execute$0(EngineExecutionOrchestrator.java:66)&#10;	at org.junit.platform.launcher.core.EngineExecutionOrchestrator.withInterceptedStreams(EngineExecutionOrchestrator.java:157)&#10;	at org.junit.platform.launcher.core.EngineExecutionOrchestrator.execute(EngineExecutionOrchestrator.java:65)&#10;	at org.junit.platform.launcher.core.DefaultLauncher.execute(DefaultLauncher.java:125)&#10;	at org.junit.platform.launcher.core.DefaultLauncher.execute(DefaultLauncher.java:114)&#10;	at org.junit.platform.launcher.core.DelegatingLauncher.execute(DelegatingLauncher.java:58)&#10;	at org.junit.platform.launcher.core.InterceptingLauncher.lambda$execute$2(InterceptingLauncher.java:57)&#10;	at org.junit.platform.launcher.core.ClasspathAlignmentCheckingLauncherInterceptor.intercept(ClasspathAlignmentCheckingLauncherInterceptor.java:25)&#10;	at org.junit.platform.launcher.core.InterceptingLauncher.execute(InterceptingLauncher.java:56)&#10;	at org.junit.platform.launcher.core.DelegatingLauncher.execute(DelegatingLauncher.java:58)&#10;	at java.base/jdk.internal.reflect.DirectMethodHandleAccessor.invoke(DirectMethodHandleAccessor.java:103)&#10;	at java.base/java.lang.reflect.Method.invoke(Method.java:580)&#10;	at org.apache.maven.surefire.api.util.ReflectionUtils.invokeMethodWithArray(ReflectionUtils.java:125)&#10;	at org.apache.maven.surefire.junitplatform.LauncherAdapter.executeWithCancellationToken(LauncherAdapter.java:68)&#10;	at org.apache.maven.surefire.junitplatform.LauncherAdapter.execute(LauncherAdapter.java:54)&#10;	at org.apache.maven.surefire.junitplatform.JUnitPlatformProvider.execute(JUnitPlatformProvider.java:203)&#10;	at org.apache.maven.surefire.junitplatform.JUnitPlatformProvider.invokeAllTests(JUnitPlatformProvider.java:168)&#10;	at org.apache.maven.surefire.junitplatform.JUnitPlatformProvider.invoke(JUnitPlatformProvider.java:136)&#10;	at org.apache.maven.surefire.booter.ForkedBooter.runSuitesInProcess(ForkedBooter.java:385)&#10;	at org.apache.maven.surefire.booter.ForkedBooter.execute(ForkedBooter.java:162)&#10;	at org.apache.maven.surefire.booter.ForkedBooter.run(ForkedBooter.java:507)&#10;	at org.apache.maven.surefire.booter.ForkedBooter.main(ForkedBooter.java:495)&#10;" type="java.lang.AssertionError"><![CDATA[java.lang.AssertionError: 

Expecting throwable message:
  "Cannot coerce NULL to Java boolean"
to contain:
  "Invalid IP or network format"
but did not.

Throwable that failed the check:

org.neo4j.driver.exceptions.value.Uncoercible: Cannot coerce NULL to Java boolean
	at org.neo4j.driver.internal.value.ValueAdapter.asBoolean(ValueAdapter.java:137)
	at example.NetworkUtilsTest.lambda$testIPv6Address$7(NetworkUtilsTest.java:195)
	at org.assertj.core.api.ThrowableAssert.catchThrowable(ThrowableAssert.java:63)
	at org.assertj.core.api.AssertionsForClassTypes.catchThrowable(AssertionsForClassTypes.java:905)
	at org.assertj.core.api.Assertions.catchThrowable(Assertions.java:1473)
	at org.assertj.core.api.Assertions.assertThatThrownBy(Assertions.java:1316)
	at example.NetworkUtilsTest.testIPv6Address(NetworkUtilsTest.java:193)
	at java.base/jdk.internal.reflect.DirectMethodHandleAccessor.invoke(DirectMethodHandleAccessor.java:103)
	at java.base/java.lang.reflect.Method.invoke(Method.java:580)
	at org.junit.platform.commons.util.ReflectionUtils.invokeMethod(ReflectionUtils.java:701)
	at org.junit.platform.commons.support.ReflectionSupport.invokeMethod(ReflectionSupport.java:502)
	at org.junit.jupiter.engine.support.MethodReflectionUtils.invoke(MethodReflectionUtils.java:45)
	at org.junit.jupiter.engine.execution.MethodInvocation.proceed(MethodInvocation.java:61)
	at org.junit.jupiter.engine.execution.InvocationInterceptorChain$ValidatingInvocation.proceed(InvocationInterceptorChain.java:124)
	at org.junit.jupiter.engine.extension.TimeoutExtension.intercept(TimeoutExtension.java:163)
	at org.junit.jupiter.engine.extension.TimeoutExtension.interceptTestableMethod(TimeoutExtension.java:148)
	at org.junit.jupiter.engine.extension.TimeoutExtension.interceptTestMethod(TimeoutExtension.java:86)
	at org.junit.jupiter.engine.execution.InterceptingExecutableInvoker$ReflectiveInterceptorCall.lambda$ofVoidMethod$0(InterceptingExecutableInvoker.java:123)
	at org.junit.jupiter.engine.execution.InterceptingExecutableInvoker.lambda$invoke$0(InterceptingExecutableInvoker.java:105)
	at org.junit.jupiter.engine.execution.InvocationInterceptorChain$InterceptedInvocation.proceed(InvocationInterceptorChain.java:99)
	at org.junit.jupiter.engine.execution.InvocationInterceptorChain.proceed(InvocationInterceptorChain.java:66)
	at org.junit.jupiter.engine.execution.InvocationInterceptorChain.chainAndInvoke(InvocationInterceptorChain.java:47)
	at org.junit.jupiter.engine.execution.InvocationInterceptorChain.invoke(InvocationInterceptorChain.java:39)
	at org.junit.jupiter.engine.execution.InterceptingExecutableInvoker.invoke(InterceptingExecutableInvoker.java:104)
	at org.junit.jupiter.engine.execution.InterceptingExecutableInvoker.invoke(InterceptingExecutableInvoker.java:98)
	at org.junit.jupiter.engine.execution.InterceptingExecutableInvoker.invokeVoid(InterceptingExecutableInvoker.java:71)
	at org.junit.jupiter.engine.descriptor.TestMethodTestDescriptor.lambda$invokeTestMethod$0(TestMethodTestDescriptor.java:219)
	at org.junit.platform.engine.support.hierarchical.ThrowableCollector.execute(ThrowableCollector.java:74)
	at org.junit.jupiter.engine.descriptor.TestMethodTestDescriptor.invokeTestMethod(TestMethodTestDescriptor.java:215)
	at org.junit.jupiter.engine.descriptor.TestMethodTestDescriptor.execute(TestMethodTestDescriptor.java:157)
	at org.junit.jupiter.engine.descriptor.TestMethodTestDescriptor.execute(TestMethodTestDescriptor.java:70)
	at org.junit.platform.engine.support.hierarchical.NodeTestTask.lambda$executeRecursively$2(NodeTestTask.java:176)
	at org.junit.platform.engine.support.hierarchical.ThrowableCollector.execute(ThrowableCollector.java:74)
	at org.junit.platform.engine.support.hierarchical.NodeTestTask.lambda$executeRecursively$1(NodeTestTask.java:166)
	at org.junit.platform.engine.support.hierarchical.Node.around(Node.java:138)
	at org.junit.platform.engine.support.hierarchical.NodeTestTask.lambda$executeRecursively$0(NodeTestTask.java:164)
	at org.junit.platform.engine.support.hierarchical.ThrowableCollector.execute(ThrowableCollector.java:74)
	at org.junit.platform.engine.support.hierarchical.NodeTestTask.executeRecursively(NodeTestTask.java:163)
	at org.junit.platform.engine.support.hierarchical.NodeTestTask.execute(NodeTestTask.java:116)
	at java.base/java.util.ArrayList.forEach(ArrayList.java:1596)
	at org.junit.platform.engine.support.hierarchical.SameThreadHierarchicalTestExecutorService.invokeAll(SameThreadHierarchicalTestExecutorService.java:42)
	at org.junit.platform.engine.support.hierarchical.NodeTestTask.lambda$executeRecursively$2(NodeTestTask.java:180)
	at org.junit.platform.engine.support.hierarchical.ThrowableCollector.execute(ThrowableCollector.java:74)
	at org.junit.platform.engine.support.hierarchical.NodeTestTask.lambda$executeRecursively$1(NodeTestTask.java:166)
	at org.junit.platform.engine.support.hierarchical.Node.around(Node.java:138)
	at org.junit.platform.engine.support.hierarchical.NodeTestTask.lambda$executeRecursively$0(NodeTestTask.java:164)
	at org.junit.platform.engine.support.hierarchical.ThrowableCollector.execute(ThrowableCollector.java:74)
	at org.junit.platform.engine.support.hierarchical.NodeTestTask.executeRecursively(NodeTestTask.java:163)
	at org.junit.platform.engine.support.hierarchical.NodeTestTask.execute(NodeTestTask.java:116)
	at java.base/java.util.ArrayList.forEach(ArrayList.java:1596)
	at org.junit.platform.engine.support.hierarchical.SameThreadHierarchicalTestExecutorService.invokeAll(SameThreadHierarchicalTestExecutorService.java:42)
	at org.junit.platform.engine.support.hierarchical.NodeTestTask.lambda$executeRecursively$2(NodeTestTask.java:180)
	at org.junit.platform.engine.support.hierarchical.ThrowableCollector.execute(ThrowableCollector.java:74)
	at org.junit.platform.engine.support.hierarchical.NodeTestTask.lambda$executeRecursively$1(NodeTestTask.java:166)
	at org.junit.platform.engine.support.hierarchical.Node.around(Node.java:138)
	at org.junit.platform.engine.support.hierarchical.NodeTestTask.lambda$executeRecursively$0(NodeTestTask.java:164)
	at org.junit.platform.engine.support.hierarchical.ThrowableCollector.execute(ThrowableCollector.java:74)
	at org.junit.platform.engine.support.hierarchical.NodeTestTask.executeRecursively(NodeTestTask.java:163)
	at org.junit.platform.engine.support.hierarchical.NodeTestTask.execute(NodeTestTask.java:116)
	at org.junit.platform.engine.support.hierarchical.SameThreadHierarchicalTestExecutorService.submit(SameThreadHierarchicalTestExecutorService.java:36)
	at org.junit.platform.engine.support.hierarchical.HierarchicalTestExecutor.execute(HierarchicalTestExecutor.java:52)
	at org.junit.platform.engine.support.hierarchical.HierarchicalTestEngine.execute(HierarchicalTestEngine.java:58)
	at org.junit.platform.launcher.core.EngineExecutionOrchestrator.executeEngine(EngineExecutionOrchestrator.java:246)
	at org.junit.platform.launcher.core.EngineExecutionOrchestrator.failOrExecuteEngine(EngineExecutionOrchestrator.java:218)
	at org.junit.platform.launcher.core.EngineExecutionOrchestrator.execute(EngineExecutionOrchestrator.java:179)
	at org.junit.platform.launcher.core.EngineExecutionOrchestrator.execute(EngineExecutionOrchestrator.java:108)
	at org.junit.platform.launcher.core.EngineExecutionOrchestrator.lambda$execute$0(EngineExecutionOrchestrator.java:66)
	at org.junit.platform.launcher.core.EngineExecutionOrchestrator.withInterceptedStreams(EngineExecutionOrchestrator.java:157)
	at org.junit.platform.launcher.core.EngineExecutionOrchestrator.execute(EngineExecutionOrchestrator.java:65)
	at org.junit.platform.launcher.core.DefaultLauncher.execute(DefaultLauncher.java:125)
	at org.junit.platform.launcher.core.DefaultLauncher.execute(DefaultLauncher.java:114)
	at org.junit.platform.launcher.core.DelegatingLauncher.execute(DelegatingLauncher.java:58)
	at org.junit.platform.launcher.core.InterceptingLauncher.lambda$execute$2(InterceptingLauncher.java:57)
	at org.junit.platform.launcher.core.ClasspathAlignmentCheckingLauncherInterceptor.intercept(ClasspathAlignmentCheckingLauncherInterceptor.java:25)
	at org.junit.platform.launcher.core.InterceptingLauncher.execute(InterceptingLauncher.java:56)
	at org.junit.platform.launcher.core.DelegatingLauncher.execute(DelegatingLauncher.java:58)
	at java.base/jdk.internal.reflect.DirectMethodHandleAccessor.invoke(DirectMethodHandleAccessor.java:103)
	at java.base/java.lang.reflect.Method.invoke(Method.java:580)
	at org.apache.maven.surefire.api.util.ReflectionUtils.invokeMethodWithArray(ReflectionUtils.java:125)
	at org.apache.maven.surefire.junitplatform.LauncherAdapter.executeWithCancellationToken(LauncherAdapter.java:68)
	at org.apache.maven.surefire.junitplatform.LauncherAdapter.execute(LauncherAdapter.java:54)
	at org.apache.maven.surefire.junitplatform.JUnitPlatformProvider.execute(JUnitPlatformProvider.java:203)
	at org.apache.maven.surefire.junitplatform.JUnitPlatformProvider.invokeAllTests(JUnitPlatformProvider.java:168)
	at org.apache.maven.surefire.junitplatform.JUnitPlatformProvider.invoke(JUnitPlatformProvider.java:136)
	at org.apache.maven.surefire.booter.ForkedBooter.runSuitesInProcess(ForkedBooter.java:385)
	at org.apache.maven.surefire.booter.ForkedBooter.execute(ForkedBooter.java:162)
	at org.apache.maven.surefire.booter.ForkedBooter.run(ForkedBooter.java:507)
	at org.apache.maven.surefire.booter.ForkedBooter.main(ForkedBooter.java:495)

	at example.NetworkUtilsTest.testIPv6Address(NetworkUtilsTest.java:197)
]]></failure>
    <system-err><![CDATA[Nov 12, 2025 11:20:56 AM org.neo4j.driver.internal.logging.SystemLogger info
INFO: Driver instance 1378863496 created for server uri 'bolt://127.0.0.1:62836/'
Nov 12, 2025 11:20:56 AM org.neo4j.driver.internal.logging.SystemLogger info
INFO: Closing driver instance 1378863496
]]></system-err>
  </testcase>
  <testcase name="testEmptyNetwork" classname="NetworkUtils IP CIDR Check Tests" time="0.252">
    <system-err><![CDATA[Nov 12, 2025 11:20:56 AM org.neo4j.driver.internal.logging.SystemLogger info
INFO: Driver instance 561691849 created for server uri 'bolt://127.0.0.1:62836/'
Nov 12, 2025 11:20:56 AM org.neo4j.driver.internal.logging.SystemLogger info
INFO: Closing driver instance 561691849
]]></system-err>
  </testcase>
  <testcase name="testInvalidIp(String, String)[1]" classname="NetworkUtils IP CIDR Check Tests" time="0.254">
    <system-err><![CDATA[Nov 12, 2025 11:20:56 AM org.neo4j.driver.internal.logging.SystemLogger info
INFO: Driver instance 914473605 created for server uri 'bolt://127.0.0.1:62836/'
Nov 12, 2025 11:20:56 AM org.neo4j.driver.internal.logging.SystemLogger info
INFO: Closing driver instance 914473605
]]></system-err>
  </testcase>
  <testcase name="testInvalidIp(String, String)[2]" classname="NetworkUtils IP CIDR Check Tests" time="0.224">
    <system-err><![CDATA[Nov 12, 2025 11:20:56 AM org.neo4j.driver.internal.logging.SystemLogger info
INFO: Driver instance 722756235 created for server uri 'bolt://127.0.0.1:62836/'
Nov 12, 2025 11:20:56 AM org.neo4j.driver.internal.logging.SystemLogger info
INFO: Closing driver instance 722756235
]]></system-err>
  </testcase>
  <testcase name="testInvalidIp(String, String)[3]" classname="NetworkUtils IP CIDR Check Tests" time="0.234">
    <system-err><![CDATA[Nov 12, 2025 11:20:57 AM org.neo4j.driver.internal.logging.SystemLogger info
INFO: Driver instance 977213187 created for server uri 'bolt://127.0.0.1:62836/'
Nov 12, 2025 11:20:57 AM org.neo4j.driver.internal.logging.SystemLogger info
INFO: Closing driver instance 977213187
]]></system-err>
  </testcase>
  <testcase name="testInvalidIp(String, String)[4]" classname="NetworkUtils IP CIDR Check Tests" time="0.238">
    <system-err><![CDATA[Nov 12, 2025 11:20:57 AM org.neo4j.driver.internal.logging.SystemLogger info
INFO: Driver instance 603023442 created for server uri 'bolt://127.0.0.1:62836/'
Nov 12, 2025 11:20:57 AM org.neo4j.driver.internal.logging.SystemLogger info
INFO: Closing driver instance 603023442
]]></system-err>
  </testcase>
  <testcase name="testNullNetwork" classname="NetworkUtils IP CIDR Check Tests" time="0.26">
    <system-err><![CDATA[Nov 12, 2025 11:20:57 AM org.neo4j.driver.internal.logging.SystemLogger info
INFO: Driver instance 390965664 created for server uri 'bolt://127.0.0.1:62836/'
Nov 12, 2025 11:20:57 AM org.neo4j.driver.internal.logging.SystemLogger info
INFO: Closing driver instance 390965664
]]></system-err>
  </testcase>
  <testcase name="testFunctionInCypherQuery" classname="NetworkUtils IP CIDR Check Tests" time="0.516">
    <system-err><![CDATA[Nov 12, 2025 11:20:57 AM org.neo4j.driver.internal.logging.SystemLogger info
INFO: Driver instance 372017580 created for server uri 'bolt://127.0.0.1:62836/'
Nov 12, 2025 11:20:58 AM org.neo4j.driver.internal.logging.SystemLogger info
INFO: Closing driver instance 372017580
]]></system-err>
  </testcase>
  <testcase name="testInvalidNetwork(String, String)[1]" classname="NetworkUtils IP CIDR Check Tests" time="0.223">
    <system-err><![CDATA[Nov 12, 2025 11:20:58 AM org.neo4j.driver.internal.logging.SystemLogger info
INFO: Driver instance 632236798 created for server uri 'bolt://127.0.0.1:62836/'
Nov 12, 2025 11:20:58 AM org.neo4j.driver.internal.logging.SystemLogger info
INFO: Closing driver instance 632236798
]]></system-err>
  </testcase>
  <testcase name="testInvalidNetwork(String, String)[2]" classname="NetworkUtils IP CIDR Check Tests" time="0.223">
    <system-err><![CDATA[Nov 12, 2025 11:20:58 AM org.neo4j.driver.internal.logging.SystemLogger info
INFO: Driver instance 901752766 created for server uri 'bolt://127.0.0.1:62836/'
Nov 12, 2025 11:20:58 AM org.neo4j.driver.internal.logging.SystemLogger info
INFO: Closing driver instance 901752766
]]></system-err>
  </testcase>
  <testcase name="testInvalidNetwork(String, String)[3]" classname="NetworkUtils IP CIDR Check Tests" time="0.224">
    <system-err><![CDATA[Nov 12, 2025 11:20:58 AM org.neo4j.driver.internal.logging.SystemLogger info
INFO: Driver instance 891455676 created for server uri 'bolt://127.0.0.1:62836/'
Nov 12, 2025 11:20:58 AM org.neo4j.driver.internal.logging.SystemLogger info
INFO: Closing driver instance 891455676
]]></system-err>
  </testcase>
  <testcase name="testInvalidNetwork(String, String)[4]" classname="NetworkUtils IP CIDR Check Tests" time="0.224">
    <system-err><![CDATA[Nov 12, 2025 11:20:59 AM org.neo4j.driver.internal.logging.SystemLogger info
INFO: Driver instance 1188216422 created for server uri 'bolt://127.0.0.1:62836/'
Nov 12, 2025 11:20:59 AM org.neo4j.driver.internal.logging.SystemLogger info
INFO: Closing driver instance 1188216422
]]></system-err>
  </testcase>
  <testcase name="testInvalidNetwork(String, String)[5]" classname="NetworkUtils IP CIDR Check Tests" time="0.229">
    <system-err><![CDATA[Nov 12, 2025 11:20:59 AM org.neo4j.driver.internal.logging.SystemLogger info
INFO: Driver instance 519407035 created for server uri 'bolt://127.0.0.1:62836/'
Nov 12, 2025 11:20:59 AM org.neo4j.driver.internal.logging.SystemLogger info
INFO: Closing driver instance 519407035
]]></system-err>
  </testcase>
  <testcase name="testHostnameInsteadOfIp" classname="NetworkUtils IP CIDR Check Tests" time="0.228">
    <failure message="&#10;Expecting throwable message:&#10;  &quot;Cannot coerce NULL to Java boolean&quot;&#10;to contain:&#10;  &quot;Invalid IP or network format&quot;&#10;but did not.&#10;&#10;Throwable that failed the check:&#10;&#10;org.neo4j.driver.exceptions.value.Uncoercible: Cannot coerce NULL to Java boolean&#10;	at org.neo4j.driver.internal.value.ValueAdapter.asBoolean(ValueAdapter.java:137)&#10;	at example.NetworkUtilsTest.lambda$testHostnameInsteadOfIp$8(NetworkUtilsTest.java:205)&#10;	at org.assertj.core.api.ThrowableAssert.catchThrowable(ThrowableAssert.java:63)&#10;	at org.assertj.core.api.AssertionsForClassTypes.catchThrowable(AssertionsForClassTypes.java:905)&#10;	at org.assertj.core.api.Assertions.catchThrowable(Assertions.java:1473)&#10;	at org.assertj.core.api.Assertions.assertThatThrownBy(Assertions.java:1316)&#10;	at example.NetworkUtilsTest.testHostnameInsteadOfIp(NetworkUtilsTest.java:203)&#10;	at java.base/jdk.internal.reflect.DirectMethodHandleAccessor.invoke(DirectMethodHandleAccessor.java:103)&#10;	at java.base/java.lang.reflect.Method.invoke(Method.java:580)&#10;	at org.junit.platform.commons.util.ReflectionUtils.invokeMethod(ReflectionUtils.java:701)&#10;	at org.junit.platform.commons.support.ReflectionSupport.invokeMethod(ReflectionSupport.java:502)&#10;	at org.junit.jupiter.engine.support.MethodReflectionUtils.invoke(MethodReflectionUtils.java:45)&#10;	at org.junit.jupiter.engine.execution.MethodInvocation.proceed(MethodInvocation.java:61)&#10;	at org.junit.jupiter.engine.execution.InvocationInterceptorChain$ValidatingInvocation.proceed(InvocationInterceptorChain.java:124)&#10;	at org.junit.jupiter.engine.extension.TimeoutExtension.intercept(TimeoutExtension.java:163)&#10;	at org.junit.jupiter.engine.extension.TimeoutExtension.interceptTestableMethod(TimeoutExtension.java:148)&#10;	at org.junit.jupiter.engine.extension.TimeoutExtension.interceptTestMethod(TimeoutExtension.java:86)&#10;	at org.junit.jupiter.engine.execution.InterceptingExecutableInvoker$ReflectiveInterceptorCall.lambda$ofVoidMethod$0(InterceptingExecutableInvoker.java:123)&#10;	at org.junit.jupiter.engine.execution.InterceptingExecutableInvoker.lambda$invoke$0(InterceptingExecutableInvoker.java:105)&#10;	at org.junit.jupiter.engine.execution.InvocationInterceptorChain$InterceptedInvocation.proceed(InvocationInterceptorChain.java:99)&#10;	at org.junit.jupiter.engine.execution.InvocationInterceptorChain.proceed(InvocationInterceptorChain.java:66)&#10;	at org.junit.jupiter.engine.execution.InvocationInterceptorChain.chainAndInvoke(InvocationInterceptorChain.java:47)&#10;	at org.junit.jupiter.engine.execution.InvocationInterceptorChain.invoke(InvocationInterceptorChain.java:39)&#10;	at org.junit.jupiter.engine.execution.InterceptingExecutableInvoker.invoke(InterceptingExecutableInvoker.java:104)&#10;	at org.junit.jupiter.engine.execution.InterceptingExecutableInvoker.invoke(InterceptingExecutableInvoker.java:98)&#10;	at org.junit.jupiter.engine.execution.InterceptingExecutableInvoker.invokeVoid(InterceptingExecutableInvoker.java:71)&#10;	at org.junit.jupiter.engine.descriptor.TestMethodTestDescriptor.lambda$invokeTestMethod$0(TestMethodTestDescriptor.java:219)&#10;	at org.junit.platform.engine.support.hierarchical.ThrowableCollector.execute(ThrowableCollector.java:74)&#10;	at org.junit.jupiter.engine.descriptor.TestMethodTestDescriptor.invokeTestMethod(TestMethodTestDescriptor.java:215)&#10;	at org.junit.jupiter.engine.descriptor.TestMethodTestDescriptor.execute(TestMethodTestDescriptor.java:157)&#10;	at org.junit.jupiter.engine.descriptor.TestMethodTestDescriptor.execute(TestMethodTestDescriptor.java:70)&#10;	at org.junit.platform.engine.support.hierarchical.NodeTestTask.lambda$executeRecursively$2(NodeTestTask.java:176)&#10;	at org.junit.platform.engine.support.hierarchical.ThrowableCollector.execute(ThrowableCollector.java:74)&#10;	at org.junit.platform.engine.support.hierarchical.NodeTestTask.lambda$executeRecursively$1(NodeTestTask.java:166)&#10;	at org.junit.platform.engine.support.hierarchical.Node.around(Node.java:138)&#10;	at org.junit.platform.engine.support.hierarchical.NodeTestTask.lambda$executeRecursively$0(NodeTestTask.java:164)&#10;	at org.junit.platform.engine.support.hierarchical.ThrowableCollector.execute(ThrowableCollector.java:74)&#10;	at org.junit.platform.engine.support.hierarchical.NodeTestTask.executeRecursively(NodeTestTask.java:163)&#10;	at org.junit.platform.engine.support.hierarchical.NodeTestTask.execute(NodeTestTask.java:116)&#10;	at java.base/java.util.ArrayList.forEach(ArrayList.java:1596)&#10;	at org.junit.platform.engine.support.hierarchical.SameThreadHierarchicalTestExecutorService.invokeAll(SameThreadHierarchicalTestExecutorService.java:42)&#10;	at org.junit.platform.engine.support.hierarchical.NodeTestTask.lambda$executeRecursively$2(NodeTestTask.java:180)&#10;	at org.junit.platform.engine.support.hierarchical.ThrowableCollector.execute(ThrowableCollector.java:74)&#10;	at org.junit.platform.engine.support.hierarchical.NodeTestTask.lambda$executeRecursively$1(NodeTestTask.java:166)&#10;	at org.junit.platform.engine.support.hierarchical.Node.around(Node.java:138)&#10;	at org.junit.platform.engine.support.hierarchical.NodeTestTask.lambda$executeRecursively$0(NodeTestTask.java:164)&#10;	at org.junit.platform.engine.support.hierarchical.ThrowableCollector.execute(ThrowableCollector.java:74)&#10;	at org.junit.platform.engine.support.hierarchical.NodeTestTask.executeRecursively(NodeTestTask.java:163)&#10;	at org.junit.platform.engine.support.hierarchical.NodeTestTask.execute(NodeTestTask.java:116)&#10;	at java.base/java.util.ArrayList.forEach(ArrayList.java:1596)&#10;	at org.junit.platform.engine.support.hierarchical.SameThreadHierarchicalTestExecutorService.invokeAll(SameThreadHierarchicalTestExecutorService.java:42)&#10;	at org.junit.platform.engine.support.hierarchical.NodeTestTask.lambda$executeRecursively$2(NodeTestTask.java:180)&#10;	at org.junit.platform.engine.support.hierarchical.ThrowableCollector.execute(ThrowableCollector.java:74)&#10;	at org.junit.platform.engine.support.hierarchical.NodeTestTask.lambda$executeRecursively$1(NodeTestTask.java:166)&#10;	at org.junit.platform.engine.support.hierarchical.Node.around(Node.java:138)&#10;	at org.junit.platform.engine.support.hierarchical.NodeTestTask.lambda$executeRecursively$0(NodeTestTask.java:164)&#10;	at org.junit.platform.engine.support.hierarchical.ThrowableCollector.execute(ThrowableCollector.java:74)&#10;	at org.junit.platform.engine.support.hierarchical.NodeTestTask.executeRecursively(NodeTestTask.java:163)&#10;	at org.junit.platform.engine.support.hierarchical.NodeTestTask.execute(NodeTestTask.java:116)&#10;	at org.junit.platform.engine.support.hierarchical.SameThreadHierarchicalTestExecutorService.submit(SameThreadHierarchicalTestExecutorService.java:36)&#10;	at org.junit.platform.engine.support.hierarchical.HierarchicalTestExecutor.execute(HierarchicalTestExecutor.java:52)&#10;	at org.junit.platform.engine.support.hierarchical.HierarchicalTestEngine.execute(HierarchicalTestEngine.java:58)&#10;	at org.junit.platform.launcher.core.EngineExecutionOrchestrator.executeEngine(EngineExecutionOrchestrator.java:246)&#10;	at org.junit.platform.launcher.core.EngineExecutionOrchestrator.failOrExecuteEngine(EngineExecutionOrchestrator.java:218)&#10;	at org.junit.platform.launcher.core.EngineExecutionOrchestrator.execute(EngineExecutionOrchestrator.java:179)&#10;	at org.junit.platform.launcher.core.EngineExecutionOrchestrator.execute(EngineExecutionOrchestrator.java:108)&#10;	at org.junit.platform.launcher.core.EngineExecutionOrchestrator.lambda$execute$0(EngineExecutionOrchestrator.java:66)&#10;	at org.junit.platform.launcher.core.EngineExecutionOrchestrator.withInterceptedStreams(EngineExecutionOrchestrator.java:157)&#10;	at org.junit.platform.launcher.core.EngineExecutionOrchestrator.execute(EngineExecutionOrchestrator.java:65)&#10;	at org.junit.platform.launcher.core.DefaultLauncher.execute(DefaultLauncher.java:125)&#10;	at org.junit.platform.launcher.core.DefaultLauncher.execute(DefaultLauncher.java:114)&#10;	at org.junit.platform.launcher.core.DelegatingLauncher.execute(DelegatingLauncher.java:58)&#10;	at org.junit.platform.launcher.core.InterceptingLauncher.lambda$execute$2(InterceptingLauncher.java:57)&#10;	at org.junit.platform.launcher.core.ClasspathAlignmentCheckingLauncherInterceptor.intercept(ClasspathAlignmentCheckingLauncherInterceptor.java:25)&#10;	at org.junit.platform.launcher.core.InterceptingLauncher.execute(InterceptingLauncher.java:56)&#10;	at org.junit.platform.launcher.core.DelegatingLauncher.execute(DelegatingLauncher.java:58)&#10;	at java.base/jdk.internal.reflect.DirectMethodHandleAccessor.invoke(DirectMethodHandleAccessor.java:103)&#10;	at java.base/java.lang.reflect.Method.invoke(Method.java:580)&#10;	at org.apache.maven.surefire.api.util.ReflectionUtils.invokeMethodWithArray(ReflectionUtils.java:125)&#10;	at org.apache.maven.surefire.junitplatform.LauncherAdapter.executeWithCancellationToken(LauncherAdapter.java:68)&#10;	at org.apache.maven.surefire.junitplatform.LauncherAdapter.execute(LauncherAdapter.java:54)&#10;	at org.apache.maven.surefire.junitplatform.JUnitPlatformProvider.execute(JUnitPlatformProvider.java:203)&#10;	at org.apache.maven.surefire.junitplatform.JUnitPlatformProvider.invokeAllTests(JUnitPlatformProvider.java:168)&#10;	at org.apache.maven.surefire.junitplatform.JUnitPlatformProvider.invoke(JUnitPlatformProvider.java:136)&#10;	at org.apache.maven.surefire.booter.ForkedBooter.runSuitesInProcess(ForkedBooter.java:385)&#10;	at org.apache.maven.surefire.booter.ForkedBooter.execute(ForkedBooter.java:162)&#10;	at org.apache.maven.surefire.booter.ForkedBooter.run(ForkedBooter.java:507)&#10;	at org.apache.maven.surefire.booter.ForkedBooter.main(ForkedBooter.java:495)&#10;" type="java.lang.AssertionError"><![CDATA[java.lang.AssertionError: 

Expecting throwable message:
  "Cannot coerce NULL to Java boolean"
to contain:
  "Invalid IP or network format"
but did not.

Throwable that failed the check:

org.neo4j.driver.exceptions.value.Uncoercible: Cannot coerce NULL to Java boolean
	at org.neo4j.driver.internal.value.ValueAdapter.asBoolean(ValueAdapter.java:137)
	at example.NetworkUtilsTest.lambda$testHostnameInsteadOfIp$8(NetworkUtilsTest.java:205)
	at org.assertj.core.api.ThrowableAssert.catchThrowable(ThrowableAssert.java:63)
	at org.assertj.core.api.AssertionsForClassTypes.catchThrowable(AssertionsForClassTypes.java:905)
	at org.assertj.core.api.Assertions.catchThrowable(Assertions.java:1473)
	at org.assertj.core.api.Assertions.assertThatThrownBy(Assertions.java:1316)
	at example.NetworkUtilsTest.testHostnameInsteadOfIp(NetworkUtilsTest.java:203)
	at java.base/jdk.internal.reflect.DirectMethodHandleAccessor.invoke(DirectMethodHandleAccessor.java:103)
	at java.base/java.lang.reflect.Method.invoke(Method.java:580)
	at org.junit.platform.commons.util.ReflectionUtils.invokeMethod(ReflectionUtils.java:701)
	at org.junit.platform.commons.support.ReflectionSupport.invokeMethod(ReflectionSupport.java:502)
	at org.junit.jupiter.engine.support.MethodReflectionUtils.invoke(MethodReflectionUtils.java:45)
	at org.junit.jupiter.engine.execution.MethodInvocation.proceed(MethodInvocation.java:61)
	at org.junit.jupiter.engine.execution.InvocationInterceptorChain$ValidatingInvocation.proceed(InvocationInterceptorChain.java:124)
	at org.junit.jupiter.engine.extension.TimeoutExtension.intercept(TimeoutExtension.java:163)
	at org.junit.jupiter.engine.extension.TimeoutExtension.interceptTestableMethod(TimeoutExtension.java:148)
	at org.junit.jupiter.engine.extension.TimeoutExtension.interceptTestMethod(TimeoutExtension.java:86)
	at org.junit.jupiter.engine.execution.InterceptingExecutableInvoker$ReflectiveInterceptorCall.lambda$ofVoidMethod$0(InterceptingExecutableInvoker.java:123)
	at org.junit.jupiter.engine.execution.InterceptingExecutableInvoker.lambda$invoke$0(InterceptingExecutableInvoker.java:105)
	at org.junit.jupiter.engine.execution.InvocationInterceptorChain$InterceptedInvocation.proceed(InvocationInterceptorChain.java:99)
	at org.junit.jupiter.engine.execution.InvocationInterceptorChain.proceed(InvocationInterceptorChain.java:66)
	at org.junit.jupiter.engine.execution.InvocationInterceptorChain.chainAndInvoke(InvocationInterceptorChain.java:47)
	at org.junit.jupiter.engine.execution.InvocationInterceptorChain.invoke(InvocationInterceptorChain.java:39)
	at org.junit.jupiter.engine.execution.InterceptingExecutableInvoker.invoke(InterceptingExecutableInvoker.java:104)
	at org.junit.jupiter.engine.execution.InterceptingExecutableInvoker.invoke(InterceptingExecutableInvoker.java:98)
	at org.junit.jupiter.engine.execution.InterceptingExecutableInvoker.invokeVoid(InterceptingExecutableInvoker.java:71)
	at org.junit.jupiter.engine.descriptor.TestMethodTestDescriptor.lambda$invokeTestMethod$0(TestMethodTestDescriptor.java:219)
	at org.junit.platform.engine.support.hierarchical.ThrowableCollector.execute(ThrowableCollector.java:74)
	at org.junit.jupiter.engine.descriptor.TestMethodTestDescriptor.invokeTestMethod(TestMethodTestDescriptor.java:215)
	at org.junit.jupiter.engine.descriptor.TestMethodTestDescriptor.execute(TestMethodTestDescriptor.java:157)
	at org.junit.jupiter.engine.descriptor.TestMethodTestDescriptor.execute(TestMethodTestDescriptor.java:70)
	at org.junit.platform.engine.support.hierarchical.NodeTestTask.lambda$executeRecursively$2(NodeTestTask.java:176)
	at org.junit.platform.engine.support.hierarchical.ThrowableCollector.execute(ThrowableCollector.java:74)
	at org.junit.platform.engine.support.hierarchical.NodeTestTask.lambda$executeRecursively$1(NodeTestTask.java:166)
	at org.junit.platform.engine.support.hierarchical.Node.around(Node.java:138)
	at org.junit.platform.engine.support.hierarchical.NodeTestTask.lambda$executeRecursively$0(NodeTestTask.java:164)
	at org.junit.platform.engine.support.hierarchical.ThrowableCollector.execute(ThrowableCollector.java:74)
	at org.junit.platform.engine.support.hierarchical.NodeTestTask.executeRecursively(NodeTestTask.java:163)
	at org.junit.platform.engine.support.hierarchical.NodeTestTask.execute(NodeTestTask.java:116)
	at java.base/java.util.ArrayList.forEach(ArrayList.java:1596)
	at org.junit.platform.engine.support.hierarchical.SameThreadHierarchicalTestExecutorService.invokeAll(SameThreadHierarchicalTestExecutorService.java:42)
	at org.junit.platform.engine.support.hierarchical.NodeTestTask.lambda$executeRecursively$2(NodeTestTask.java:180)
	at org.junit.platform.engine.support.hierarchical.ThrowableCollector.execute(ThrowableCollector.java:74)
	at org.junit.platform.engine.support.hierarchical.NodeTestTask.lambda$executeRecursively$1(NodeTestTask.java:166)
	at org.junit.platform.engine.support.hierarchical.Node.around(Node.java:138)
	at org.junit.platform.engine.support.hierarchical.NodeTestTask.lambda$executeRecursively$0(NodeTestTask.java:164)
	at org.junit.platform.engine.support.hierarchical.ThrowableCollector.execute(ThrowableCollector.java:74)
	at org.junit.platform.engine.support.hierarchical.NodeTestTask.executeRecursively(NodeTestTask.java:163)
	at org.junit.platform.engine.support.hierarchical.NodeTestTask.execute(NodeTestTask.java:116)
	at java.base/java.util.ArrayList.forEach(ArrayList.java:1596)
	at org.junit.platform.engine.support.hierarchical.SameThreadHierarchicalTestExecutorService.invokeAll(SameThreadHierarchicalTestExecutorService.java:42)
	at org.junit.platform.engine.support.hierarchical.NodeTestTask.lambda$executeRecursively$2(NodeTestTask.java:180)
	at org.junit.platform.engine.support.hierarchical.ThrowableCollector.execute(ThrowableCollector.java:74)
	at org.junit.platform.engine.support.hierarchical.NodeTestTask.lambda$executeRecursively$1(NodeTestTask.java:166)
	at org.junit.platform.engine.support.hierarchical.Node.around(Node.java:138)
	at org.junit.platform.engine.support.hierarchical.NodeTestTask.lambda$executeRecursively$0(NodeTestTask.java:164)
	at org.junit.platform.engine.support.hierarchical.ThrowableCollector.execute(ThrowableCollector.java:74)
	at org.junit.platform.engine.support.hierarchical.NodeTestTask.executeRecursively(NodeTestTask.java:163)
	at org.junit.platform.engine.support.hierarchical.NodeTestTask.execute(NodeTestTask.java:116)
	at org.junit.platform.engine.support.hierarchical.SameThreadHierarchicalTestExecutorService.submit(SameThreadHierarchicalTestExecutorService.java:36)
	at org.junit.platform.engine.support.hierarchical.HierarchicalTestExecutor.execute(HierarchicalTestExecutor.java:52)
	at org.junit.platform.engine.support.hierarchical.HierarchicalTestEngine.execute(HierarchicalTestEngine.java:58)
	at org.junit.platform.launcher.core.EngineExecutionOrchestrator.executeEngine(EngineExecutionOrchestrator.java:246)
	at org.junit.platform.launcher.core.EngineExecutionOrchestrator.failOrExecuteEngine(EngineExecutionOrchestrator.java:218)
	at org.junit.platform.launcher.core.EngineExecutionOrchestrator.execute(EngineExecutionOrchestrator.java:179)
	at org.junit.platform.launcher.core.EngineExecutionOrchestrator.execute(EngineExecutionOrchestrator.java:108)
	at org.junit.platform.launcher.core.EngineExecutionOrchestrator.lambda$execute$0(EngineExecutionOrchestrator.java:66)
	at org.junit.platform.launcher.core.EngineExecutionOrchestrator.withInterceptedStreams(EngineExecutionOrchestrator.java:157)
	at org.junit.platform.launcher.core.EngineExecutionOrchestrator.execute(EngineExecutionOrchestrator.java:65)
	at org.junit.platform.launcher.core.DefaultLauncher.execute(DefaultLauncher.java:125)
	at org.junit.platform.launcher.core.DefaultLauncher.execute(DefaultLauncher.java:114)
	at org.junit.platform.launcher.core.DelegatingLauncher.execute(DelegatingLauncher.java:58)
	at org.junit.platform.launcher.core.InterceptingLauncher.lambda$execute$2(InterceptingLauncher.java:57)
	at org.junit.platform.launcher.core.ClasspathAlignmentCheckingLauncherInterceptor.intercept(ClasspathAlignmentCheckingLauncherInterceptor.java:25)
	at org.junit.platform.launcher.core.InterceptingLauncher.execute(InterceptingLauncher.java:56)
	at org.junit.platform.launcher.core.DelegatingLauncher.execute(DelegatingLauncher.java:58)
	at java.base/jdk.internal.reflect.DirectMethodHandleAccessor.invoke(DirectMethodHandleAccessor.java:103)
	at java.base/java.lang.reflect.Method.invoke(Method.java:580)
	at org.apache.maven.surefire.api.util.ReflectionUtils.invokeMethodWithArray(ReflectionUtils.java:125)
	at org.apache.maven.surefire.junitplatform.LauncherAdapter.executeWithCancellationToken(LauncherAdapter.java:68)
	at org.apache.maven.surefire.junitplatform.LauncherAdapter.execute(LauncherAdapter.java:54)
	at org.apache.maven.surefire.junitplatform.JUnitPlatformProvider.execute(JUnitPlatformProvider.java:203)
	at org.apache.maven.surefire.junitplatform.JUnitPlatformProvider.invokeAllTests(JUnitPlatformProvider.java:168)
	at org.apache.maven.surefire.junitplatform.JUnitPlatformProvider.invoke(JUnitPlatformProvider.java:136)
	at org.apache.maven.surefire.booter.ForkedBooter.runSuitesInProcess(ForkedBooter.java:385)
	at org.apache.maven.surefire.booter.ForkedBooter.execute(ForkedBooter.java:162)
	at org.apache.maven.surefire.booter.ForkedBooter.run(ForkedBooter.java:507)
	at org.apache.maven.surefire.booter.ForkedBooter.main(ForkedBooter.java:495)

	at example.NetworkUtilsTest.testHostnameInsteadOfIp(NetworkUtilsTest.java:207)
]]></failure>
    <system-err><![CDATA[Nov 12, 2025 11:20:59 AM org.neo4j.driver.internal.logging.SystemLogger info
INFO: Driver instance 1735356636 created for server uri 'bolt://127.0.0.1:62836/'
Nov 12, 2025 11:20:59 AM org.neo4j.driver.internal.logging.SystemLogger info
INFO: Closing driver instance 1735356636
]]></system-err>
  </testcase>
  <testcase name="testIpBelongsToNetwork(String, String, boolean)[1]" classname="NetworkUtils IP CIDR Check Tests" time="0.251">
    <system-err><![CDATA[Nov 12, 2025 11:20:59 AM org.neo4j.driver.internal.logging.SystemLogger info
INFO: Driver instance 753549739 created for server uri 'bolt://127.0.0.1:62836/'
Nov 12, 2025 11:20:59 AM org.neo4j.driver.internal.logging.SystemLogger info
INFO: Closing driver instance 753549739
]]></system-err>
  </testcase>
  <testcase name="testIpBelongsToNetwork(String, String, boolean)[2]" classname="NetworkUtils IP CIDR Check Tests" time="0.234">
    <system-err><![CDATA[Nov 12, 2025 11:21:00 AM org.neo4j.driver.internal.logging.SystemLogger info
INFO: Driver instance 1527270476 created for server uri 'bolt://127.0.0.1:62836/'
Nov 12, 2025 11:21:00 AM org.neo4j.driver.internal.logging.SystemLogger info
INFO: Closing driver instance 1527270476
]]></system-err>
  </testcase>
  <testcase name="testIpBelongsToNetwork(String, String, boolean)[3]" classname="NetworkUtils IP CIDR Check Tests" time="0.226">
    <system-err><![CDATA[Nov 12, 2025 11:21:00 AM org.neo4j.driver.internal.logging.SystemLogger info
INFO: Driver instance 938903489 created for server uri 'bolt://127.0.0.1:62836/'
Nov 12, 2025 11:21:00 AM org.neo4j.driver.internal.logging.SystemLogger info
INFO: Closing driver instance 938903489
]]></system-err>
  </testcase>
  <testcase name="testIpBelongsToNetwork(String, String, boolean)[4]" classname="NetworkUtils IP CIDR Check Tests" time="0.232">
    <system-err><![CDATA[Nov 12, 2025 11:21:00 AM org.neo4j.driver.internal.logging.SystemLogger info
INFO: Driver instance 1829589319 created for server uri 'bolt://127.0.0.1:62836/'
Nov 12, 2025 11:21:00 AM org.neo4j.driver.internal.logging.SystemLogger info
INFO: Closing driver instance 1829589319
]]></system-err>
  </testcase>
  <testcase name="testIpBelongsToNetwork(String, String, boolean)[5]" classname="NetworkUtils IP CIDR Check Tests" time="0.251">
    <system-err><![CDATA[Nov 12, 2025 11:21:00 AM org.neo4j.driver.internal.logging.SystemLogger info
INFO: Driver instance 1340636345 created for server uri 'bolt://127.0.0.1:62836/'
Nov 12, 2025 11:21:00 AM org.neo4j.driver.internal.logging.SystemLogger info
INFO: Closing driver instance 1340636345
]]></system-err>
  </testcase>
  <testcase name="testIpBelongsToNetwork(String, String, boolean)[6]" classname="NetworkUtils IP CIDR Check Tests" time="0.227">
    <system-err><![CDATA[Nov 12, 2025 11:21:01 AM org.neo4j.driver.internal.logging.SystemLogger info
INFO: Driver instance 1706840265 created for server uri 'bolt://127.0.0.1:62836/'
Nov 12, 2025 11:21:01 AM org.neo4j.driver.internal.logging.SystemLogger info
INFO: Closing driver instance 1706840265
]]></system-err>
  </testcase>
  <testcase name="testIpBelongsToNetwork(String, String, boolean)[7]" classname="NetworkUtils IP CIDR Check Tests" time="0.22">
    <system-err><![CDATA[Nov 12, 2025 11:21:01 AM org.neo4j.driver.internal.logging.SystemLogger info
INFO: Driver instance 1420479431 created for server uri 'bolt://127.0.0.1:62836/'
Nov 12, 2025 11:21:01 AM org.neo4j.driver.internal.logging.SystemLogger info
INFO: Closing driver instance 1420479431
]]></system-err>
  </testcase>
  <testcase name="testIpBelongsToNetwork(String, String, boolean)[8]" classname="NetworkUtils IP CIDR Check Tests" time="0.227">
    <system-err><![CDATA[Nov 12, 2025 11:21:01 AM org.neo4j.driver.internal.logging.SystemLogger info
INFO: Driver instance 491239265 created for server uri 'bolt://127.0.0.1:62836/'
Nov 12, 2025 11:21:01 AM org.neo4j.driver.internal.logging.SystemLogger info
INFO: Closing driver instance 491239265
]]></system-err>
  </testcase>
  <testcase name="testIpBelongsToNetwork(String, String, boolean)[9]" classname="NetworkUtils IP CIDR Check Tests" time="0.228">
    <error message="Failed to invoke function `example.ipBelongsToNetwork`: Caused by: java.lang.RuntimeException: Invalid IP or network format: Invalid network format." type="org.neo4j.driver.exceptions.ClientException"><![CDATA[org.neo4j.driver.exceptions.ClientException: Failed to invoke function `example.ipBelongsToNetwork`: Caused by: java.lang.RuntimeException: Invalid IP or network format: Invalid network format.
	at org.neo4j.driver.internal.util.Futures.blockingGet(Futures.java:63)
	at org.neo4j.driver.internal.InternalResult.blockingGet(InternalResult.java:116)
	at org.neo4j.driver.internal.InternalResult.single(InternalResult.java:65)
	at example.NetworkUtilsTest.testIpBelongsToNetwork(NetworkUtilsTest.java:76)
	Suppressed: org.neo4j.driver.internal.util.ErrorUtil$InternalExceptionCause
		at org.neo4j.driver.internal.adaptedbolt.ErrorMapper.mapToNeo4jException(ErrorMapper.java:224)
		at org.neo4j.driver.internal.adaptedbolt.ErrorMapper.mapBoltFailureException(ErrorMapper.java:141)
		at org.neo4j.driver.internal.adaptedbolt.ErrorMapper.map(ErrorMapper.java:81)
		at org.neo4j.driver.internal.adaptedbolt.AdaptingDriverResponseHandler.onError(AdaptingDriverResponseHandler.java:68)
		at org.neo4j.bolt.connection.pooled.impl.PooledBoltConnection$PooledResponseHandler.onError(PooledBoltConnection.java:204)
		at org.neo4j.bolt.connection.netty.impl.BoltConnectionImpl$ResponseHandleImpl.lambda$onError$1(BoltConnectionImpl.java:676)
		at org.neo4j.bolt.connection.netty.impl.BoltConnectionImpl$ResponseHandleImpl.runIgnoringError(BoltConnectionImpl.java:808)
		at org.neo4j.bolt.connection.netty.impl.BoltConnectionImpl$ResponseHandleImpl.onError(BoltConnectionImpl.java:676)
		at org.neo4j.bolt.connection.netty.impl.BoltConnectionImpl$5.onError(BoltConnectionImpl.java:364)
		at org.neo4j.bolt.connection.netty.impl.messaging.v4.BoltProtocolV4$2.onError(BoltProtocolV4.java:205)
		at org.neo4j.bolt.connection.netty.impl.handlers.PullResponseHandlerImpl.onFailure(PullResponseHandlerImpl.java:46)
		at org.neo4j.bolt.connection.netty.impl.async.inbound.InboundMessageDispatcher.handleFailureMessage(InboundMessageDispatcher.java:108)
		at org.neo4j.bolt.connection.netty.impl.messaging.v57.MessageReaderV57.unpackFailureMessage(MessageReaderV57.java:46)
		at org.neo4j.bolt.connection.netty.impl.messaging.common.CommonMessageReader.read(CommonMessageReader.java:53)
		at org.neo4j.bolt.connection.netty.impl.async.inbound.InboundMessageHandler.channelRead0(InboundMessageHandler.java:81)
		at org.neo4j.bolt.connection.netty.impl.async.inbound.InboundMessageHandler.channelRead0(InboundMessageHandler.java:34)
		at io.netty.channel.SimpleChannelInboundHandler.channelRead(SimpleChannelInboundHandler.java:99)
		at io.netty.channel.AbstractChannelHandlerContext.fireChannelRead(AbstractChannelHandlerContext.java:356)
		at io.netty.handler.codec.ByteToMessageDecoder.fireChannelRead(ByteToMessageDecoder.java:346)
		at io.netty.handler.codec.ByteToMessageDecoder.channelRead(ByteToMessageDecoder.java:318)
		at org.neo4j.bolt.connection.netty.impl.async.inbound.MessageDecoder.channelRead(MessageDecoder.java:40)
		at io.netty.channel.AbstractChannelHandlerContext.fireChannelRead(AbstractChannelHandlerContext.java:356)
		at io.netty.handler.codec.ByteToMessageDecoder.fireChannelRead(ByteToMessageDecoder.java:346)
		at io.netty.handler.codec.ByteToMessageDecoder.channelRead(ByteToMessageDecoder.java:318)
		at io.netty.channel.AbstractChannelHandlerContext.fireChannelRead(AbstractChannelHandlerContext.java:356)
		at io.netty.handler.timeout.IdleStateHandler.channelRead(IdleStateHandler.java:293)
		at io.netty.channel.AbstractChannelHandlerContext.fireChannelRead(AbstractChannelHandlerContext.java:354)
		at io.netty.channel.DefaultChannelPipeline$HeadContext.channelRead(DefaultChannelPipeline.java:1429)
		at io.netty.channel.DefaultChannelPipeline.fireChannelRead(DefaultChannelPipeline.java:918)
		at io.netty.channel.nio.AbstractNioByteChannel$NioByteUnsafe.read(AbstractNioByteChannel.java:167)
		at io.netty.channel.nio.AbstractNioChannel$AbstractNioUnsafe.handle(AbstractNioChannel.java:445)
		at io.netty.channel.nio.NioIoHandler$DefaultNioRegistration.handle(NioIoHandler.java:381)
		at io.netty.channel.nio.NioIoHandler.processSelectedKey(NioIoHandler.java:587)
		at io.netty.channel.nio.NioIoHandler.processSelectedKeysOptimized(NioIoHandler.java:562)
		at io.netty.channel.nio.NioIoHandler.processSelectedKeys(NioIoHandler.java:503)
		at io.netty.channel.nio.NioIoHandler.run(NioIoHandler.java:475)
		at io.netty.channel.SingleThreadIoEventLoop.runIo(SingleThreadIoEventLoop.java:225)
		at io.netty.channel.SingleThreadIoEventLoop.run(SingleThreadIoEventLoop.java:196)
		at io.netty.util.concurrent.SingleThreadEventExecutor$5.run(SingleThreadEventExecutor.java:1193)
		at io.netty.util.internal.ThreadExecutorMap$2.run(ThreadExecutorMap.java:74)
		at io.netty.util.concurrent.FastThreadLocalRunnable.run(FastThreadLocalRunnable.java:30)
		at java.base/java.lang.Thread.run(Thread.java:1583)
Caused by: org.neo4j.driver.exceptions.Neo4jException: 53U00: Execution of the function example.ipBelongsToNetwork() failed due to java.lang.RuntimeException: Invalid IP or network format: Invalid network format..
	at org.neo4j.driver.internal.adaptedbolt.ErrorMapper.mapGqlCause(ErrorMapper.java:179)
	at java.base/java.util.Optional.map(Optional.java:260)
	at org.neo4j.driver.internal.adaptedbolt.ErrorMapper.mapBoltFailureException(ErrorMapper.java:122)
	at org.neo4j.driver.internal.adaptedbolt.ErrorMapper.map(ErrorMapper.java:81)
	at org.neo4j.driver.internal.adaptedbolt.AdaptingDriverResponseHandler.onError(AdaptingDriverResponseHandler.java:68)
	at org.neo4j.bolt.connection.pooled.impl.PooledBoltConnection$PooledResponseHandler.onError(PooledBoltConnection.java:204)
	at org.neo4j.bolt.connection.netty.impl.BoltConnectionImpl$ResponseHandleImpl.lambda$onError$1(BoltConnectionImpl.java:676)
	at org.neo4j.bolt.connection.netty.impl.BoltConnectionImpl$ResponseHandleImpl.runIgnoringError(BoltConnectionImpl.java:808)
	at org.neo4j.bolt.connection.netty.impl.BoltConnectionImpl$ResponseHandleImpl.onError(BoltConnectionImpl.java:676)
	at org.neo4j.bolt.connection.netty.impl.BoltConnectionImpl$5.onError(BoltConnectionImpl.java:364)
	at org.neo4j.bolt.connection.netty.impl.messaging.v4.BoltProtocolV4$2.onError(BoltProtocolV4.java:205)
	at org.neo4j.bolt.connection.netty.impl.handlers.PullResponseHandlerImpl.onFailure(PullResponseHandlerImpl.java:46)
	at org.neo4j.bolt.connection.netty.impl.async.inbound.InboundMessageDispatcher.handleFailureMessage(InboundMessageDispatcher.java:108)
	at org.neo4j.bolt.connection.netty.impl.messaging.v57.MessageReaderV57.unpackFailureMessage(MessageReaderV57.java:46)
	at org.neo4j.bolt.connection.netty.impl.messaging.common.CommonMessageReader.read(CommonMessageReader.java:53)
	at org.neo4j.bolt.connection.netty.impl.async.inbound.InboundMessageHandler.channelRead0(InboundMessageHandler.java:81)
	at org.neo4j.bolt.connection.netty.impl.async.inbound.InboundMessageHandler.channelRead0(InboundMessageHandler.java:34)
	at io.netty.channel.SimpleChannelInboundHandler.channelRead(SimpleChannelInboundHandler.java:99)
	at io.netty.channel.AbstractChannelHandlerContext.fireChannelRead(AbstractChannelHandlerContext.java:356)
	at io.netty.handler.codec.ByteToMessageDecoder.fireChannelRead(ByteToMessageDecoder.java:346)
	at io.netty.handler.codec.ByteToMessageDecoder.channelRead(ByteToMessageDecoder.java:318)
	at org.neo4j.bolt.connection.netty.impl.async.inbound.MessageDecoder.channelRead(MessageDecoder.java:40)
	at io.netty.channel.AbstractChannelHandlerContext.fireChannelRead(AbstractChannelHandlerContext.java:356)
	at io.netty.handler.codec.ByteToMessageDecoder.fireChannelRead(ByteToMessageDecoder.java:346)
	at io.netty.handler.codec.ByteToMessageDecoder.channelRead(ByteToMessageDecoder.java:318)
	at io.netty.channel.AbstractChannelHandlerContext.fireChannelRead(AbstractChannelHandlerContext.java:356)
	at io.netty.handler.timeout.IdleStateHandler.channelRead(IdleStateHandler.java:293)
	at io.netty.channel.AbstractChannelHandlerContext.fireChannelRead(AbstractChannelHandlerContext.java:354)
	at io.netty.channel.DefaultChannelPipeline$HeadContext.channelRead(DefaultChannelPipeline.java:1429)
	at io.netty.channel.DefaultChannelPipeline.fireChannelRead(DefaultChannelPipeline.java:918)
	at io.netty.channel.nio.AbstractNioByteChannel$NioByteUnsafe.read(AbstractNioByteChannel.java:167)
	at io.netty.channel.nio.AbstractNioChannel$AbstractNioUnsafe.handle(AbstractNioChannel.java:445)
	at io.netty.channel.nio.NioIoHandler$DefaultNioRegistration.handle(NioIoHandler.java:381)
	at io.netty.channel.nio.NioIoHandler.processSelectedKey(NioIoHandler.java:587)
	at io.netty.channel.nio.NioIoHandler.processSelectedKeysOptimized(NioIoHandler.java:562)
	at io.netty.channel.nio.NioIoHandler.processSelectedKeys(NioIoHandler.java:503)
	at io.netty.channel.nio.NioIoHandler.run(NioIoHandler.java:475)
	at io.netty.channel.SingleThreadIoEventLoop.runIo(SingleThreadIoEventLoop.java:225)
	at io.netty.channel.SingleThreadIoEventLoop.run(SingleThreadIoEventLoop.java:196)
	at io.netty.util.concurrent.SingleThreadEventExecutor$5.run(SingleThreadEventExecutor.java:1193)
	at io.netty.util.internal.ThreadExecutorMap$2.run(ThreadExecutorMap.java:74)
	at io.netty.util.concurrent.FastThreadLocalRunnable.run(FastThreadLocalRunnable.java:30)
	at java.base/java.lang.Thread.run(Thread.java:1583)
]]></error>
    <system-err><![CDATA[Nov 12, 2025 11:21:01 AM org.neo4j.driver.internal.logging.SystemLogger info
INFO: Driver instance 2117885681 created for server uri 'bolt://127.0.0.1:62836/'
Nov 12, 2025 11:21:01 AM org.neo4j.driver.internal.logging.SystemLogger info
INFO: Closing driver instance 2117885681
]]></system-err>
  </testcase>
  <testcase name="testIpBelongsToNetwork(String, String, boolean)[10]" classname="NetworkUtils IP CIDR Check Tests" time="0.22">
    <system-err><![CDATA[Nov 12, 2025 11:21:01 AM org.neo4j.driver.internal.logging.SystemLogger info
INFO: Driver instance 1347890180 created for server uri 'bolt://127.0.0.1:62836/'
Nov 12, 2025 11:21:01 AM org.neo4j.driver.internal.logging.SystemLogger info
INFO: Closing driver instance 1347890180
]]></system-err>
  </testcase>
  <testcase name="testIpBelongsToNetwork(String, String, boolean)[11]" classname="NetworkUtils IP CIDR Check Tests" time="0.222">
    <system-err><![CDATA[Nov 12, 2025 11:21:02 AM org.neo4j.driver.internal.logging.SystemLogger info
INFO: Driver instance 742009141 created for server uri 'bolt://127.0.0.1:62836/'
Nov 12, 2025 11:21:02 AM org.neo4j.driver.internal.logging.SystemLogger info
INFO: Closing driver instance 742009141
]]></system-err>
  </testcase>
  <testcase name="testIpBelongsToNetwork(String, String, boolean)[12]" classname="NetworkUtils IP CIDR Check Tests" time="0.225">
    <system-err><![CDATA[Nov 12, 2025 11:21:02 AM org.neo4j.driver.internal.logging.SystemLogger info
INFO: Driver instance 1497194297 created for server uri 'bolt://127.0.0.1:62836/'
Nov 12, 2025 11:21:02 AM org.neo4j.driver.internal.logging.SystemLogger info
INFO: Closing driver instance 1497194297
]]></system-err>
  </testcase>
  <testcase name="testIpBelongsToNetwork(String, String, boolean)[13]" classname="NetworkUtils IP CIDR Check Tests" time="0.228">
    <system-err><![CDATA[Nov 12, 2025 11:21:02 AM org.neo4j.driver.internal.logging.SystemLogger info
INFO: Driver instance 1074128442 created for server uri 'bolt://127.0.0.1:62836/'
Nov 12, 2025 11:21:02 AM org.neo4j.driver.internal.logging.SystemLogger info
INFO: Closing driver instance 1074128442
]]></system-err>
  </testcase>
  <testcase name="testIpBelongsToNetwork(String, String, boolean)[14]" classname="NetworkUtils IP CIDR Check Tests" time="0.23">
    <system-err><![CDATA[Nov 12, 2025 11:21:02 AM org.neo4j.driver.internal.logging.SystemLogger info
INFO: Driver instance 289908958 created for server uri 'bolt://127.0.0.1:62836/'
Nov 12, 2025 11:21:02 AM org.neo4j.driver.internal.logging.SystemLogger info
INFO: Closing driver instance 289908958
]]></system-err>
  </testcase>
  <testcase name="testIpBelongsToNetwork(String, String, boolean)[15]" classname="NetworkUtils IP CIDR Check Tests" time="0.252">
    <system-err><![CDATA[Nov 12, 2025 11:21:03 AM org.neo4j.driver.internal.logging.SystemLogger info
INFO: Driver instance 766469387 created for server uri 'bolt://127.0.0.1:62836/'
Nov 12, 2025 11:21:03 AM org.neo4j.driver.internal.logging.SystemLogger info
INFO: Closing driver instance 766469387
]]></system-err>
  </testcase>
  <testcase name="testNullIp" classname="NetworkUtils IP CIDR Check Tests" time="0.246">
    <system-err><![CDATA[Nov 12, 2025 11:21:03 AM org.neo4j.driver.internal.logging.SystemLogger info
INFO: Driver instance 428210403 created for server uri 'bolt://127.0.0.1:62836/'
Nov 12, 2025 11:21:03 AM org.neo4j.driver.internal.logging.SystemLogger info
INFO: Closing driver instance 428210403
]]></system-err>
  </testcase>
</testsuite>